[2021-07-08 12:08:20,134] {taskinstance.py:896} INFO - Dependencies all met for <TaskInstance: bluepi_dag.dump_user_log 2021-07-08T12:08:12.185651+00:00 [queued]>
[2021-07-08 12:08:20,153] {taskinstance.py:896} INFO - Dependencies all met for <TaskInstance: bluepi_dag.dump_user_log 2021-07-08T12:08:12.185651+00:00 [queued]>
[2021-07-08 12:08:20,153] {taskinstance.py:1087} INFO - 
--------------------------------------------------------------------------------
[2021-07-08 12:08:20,154] {taskinstance.py:1088} INFO - Starting attempt 1 of 1
[2021-07-08 12:08:20,154] {taskinstance.py:1089} INFO - 
--------------------------------------------------------------------------------
[2021-07-08 12:08:20,164] {taskinstance.py:1107} INFO - Executing <Task(PythonOperator): dump_user_log> on 2021-07-08T12:08:12.185651+00:00
[2021-07-08 12:08:20,171] {standard_task_runner.py:52} INFO - Started process 13510 to run task
[2021-07-08 12:08:20,178] {standard_task_runner.py:76} INFO - Running: ['***', 'tasks', 'run', 'bluepi_dag', 'dump_user_log', '2021-07-08T12:08:12.185651+00:00', '--job-id', '74', '--pool', 'default_pool', '--raw', '--subdir', 'DAGS_FOLDER/bluepi_dag.py', '--cfg-path', '/tmp/tmpsez8izsp', '--error-file', '/tmp/tmpcfcfbofb']
[2021-07-08 12:08:20,182] {standard_task_runner.py:77} INFO - Job 74: Subtask dump_user_log
[2021-07-08 12:08:20,249] {logging_mixin.py:104} INFO - Running <TaskInstance: bluepi_dag.dump_user_log 2021-07-08T12:08:12.185651+00:00 [running]> on host 3cf0296804bd
[2021-07-08 12:08:20,308] {taskinstance.py:1302} INFO - Exporting the following env vars:
AIRFLOW_CTX_DAG_OWNER=natchanon
AIRFLOW_CTX_DAG_ID=bluepi_dag
AIRFLOW_CTX_TASK_ID=dump_user_log
AIRFLOW_CTX_EXECUTION_DATE=2021-07-08T12:08:12.185651+00:00
AIRFLOW_CTX_DAG_RUN_ID=manual__2021-07-08T12:08:12.185651+00:00
[2021-07-08 12:08:20,323] {base.py:78} INFO - Using connection to: id: my_postgres_conn. Host: 35.247.174.171, Port: 5432, Schema: postgres, Login: exam, Password: ***, extra: {}
[2021-07-08 12:08:21,449] {taskinstance.py:1501} ERROR - Task failed with exception
Traceback (most recent call last):
  File "/home/airflow/.local/lib/python3.6/site-packages/airflow/models/taskinstance.py", line 1157, in _run_raw_task
    self._prepare_and_execute_task_with_callbacks(context, task)
  File "/home/airflow/.local/lib/python3.6/site-packages/airflow/models/taskinstance.py", line 1331, in _prepare_and_execute_task_with_callbacks
    result = self._execute_task(context, task_copy)
  File "/home/airflow/.local/lib/python3.6/site-packages/airflow/models/taskinstance.py", line 1361, in _execute_task
    result = task_copy.execute(context=context)
  File "/home/airflow/.local/lib/python3.6/site-packages/airflow/operators/python.py", line 150, in execute
    return_value = self.execute_callable()
  File "/home/airflow/.local/lib/python3.6/site-packages/airflow/operators/python.py", line 161, in execute_callable
    return self.python_callable(*self.op_args, **self.op_kwargs)
  File "/opt/airflow/dags/bluepi_dag.py", line 34, in _dump_data
    pg_hook.bulk_dump(table, f'{DAGS_FOLDER}/{table}_export')
  File "/home/airflow/.local/lib/python3.6/site-packages/airflow/providers/postgres/hooks/postgres.py", line 146, in bulk_dump
    self.copy_expert(f"COPY {table} TO STDOUT", tmp_file)
  File "/home/airflow/.local/lib/python3.6/site-packages/airflow/providers/postgres/hooks/postgres.py", line 134, in copy_expert
    with closing(self.get_conn()) as conn:
  File "/home/airflow/.local/lib/python3.6/site-packages/airflow/providers/postgres/hooks/postgres.py", line 115, in get_conn
    self.conn = psycopg2.connect(**conn_args)
  File "/home/airflow/.local/lib/python3.6/site-packages/psycopg2/__init__.py", line 122, in connect
    conn = _connect(dsn, connection_factory=connection_factory, **kwasync)
psycopg2.OperationalError: FATAL:  database "breakfast" does not exist

[2021-07-08 12:08:21,452] {taskinstance.py:1551} INFO - Marking task as FAILED. dag_id=bluepi_dag, task_id=dump_user_log, execution_date=20210708T120812, start_date=20210708T120820, end_date=20210708T120821
[2021-07-08 12:08:21,482] {local_task_job.py:151} INFO - Task exited with return code 1
