[2021-07-09 06:06:19,539] {taskinstance.py:896} INFO - Dependencies all met for <TaskInstance: bluepi_dag.Transformation.upload_user_log_cleaned_to_GCS 2021-07-09T05:00:00+00:00 [queued]>
[2021-07-09 06:06:19,553] {taskinstance.py:896} INFO - Dependencies all met for <TaskInstance: bluepi_dag.Transformation.upload_user_log_cleaned_to_GCS 2021-07-09T05:00:00+00:00 [queued]>
[2021-07-09 06:06:19,554] {taskinstance.py:1087} INFO - 
--------------------------------------------------------------------------------
[2021-07-09 06:06:19,554] {taskinstance.py:1088} INFO - Starting attempt 1 of 1
[2021-07-09 06:06:19,554] {taskinstance.py:1089} INFO - 
--------------------------------------------------------------------------------
[2021-07-09 06:06:19,577] {taskinstance.py:1107} INFO - Executing <Task(LocalFilesystemToGCSOperator): Transformation.upload_user_log_cleaned_to_GCS> on 2021-07-09T05:00:00+00:00
[2021-07-09 06:06:19,584] {standard_task_runner.py:52} INFO - Started process 14984 to run task
[2021-07-09 06:06:19,591] {standard_task_runner.py:76} INFO - Running: ['***', 'tasks', 'run', 'bluepi_dag', 'Transformation.upload_user_log_cleaned_to_GCS', '2021-07-09T05:00:00+00:00', '--job-id', '347', '--pool', 'default_pool', '--raw', '--subdir', 'DAGS_FOLDER/bluepi_dag.py', '--cfg-path', '/tmp/tmpo9f9aa9m', '--error-file', '/tmp/tmpul0u46ie']
[2021-07-09 06:06:19,600] {standard_task_runner.py:77} INFO - Job 347: Subtask Transformation.upload_user_log_cleaned_to_GCS
[2021-07-09 06:06:19,659] {logging_mixin.py:104} INFO - Running <TaskInstance: bluepi_dag.Transformation.upload_user_log_cleaned_to_GCS 2021-07-09T05:00:00+00:00 [running]> on host 3cf0296804bd
[2021-07-09 06:06:19,734] {taskinstance.py:1302} INFO - Exporting the following env vars:
AIRFLOW_CTX_DAG_OWNER=natchanon
AIRFLOW_CTX_DAG_ID=bluepi_dag
AIRFLOW_CTX_TASK_ID=Transformation.upload_user_log_cleaned_to_GCS
AIRFLOW_CTX_EXECUTION_DATE=2021-07-09T05:00:00+00:00
AIRFLOW_CTX_DAG_RUN_ID=scheduled__2021-07-09T05:00:00+00:00
[2021-07-09 06:06:19,997] {gcs.py:485} INFO - File /opt/***/dags/user_log_cleaned.csv uploaded to cleaned/user_log.csv in bluepi-landing-bucket bucket
[2021-07-09 06:06:20,012] {taskinstance.py:1211} INFO - Marking task as SUCCESS. dag_id=bluepi_dag, task_id=Transformation.upload_user_log_cleaned_to_GCS, execution_date=20210709T050000, start_date=20210709T060619, end_date=20210709T060620
[2021-07-09 06:06:20,047] {taskinstance.py:1265} INFO - 0 downstream tasks scheduled from follow-on schedule check
[2021-07-09 06:06:20,085] {local_task_job.py:151} INFO - Task exited with return code 0
