[2021-07-08 11:50:41,752] {taskinstance.py:896} INFO - Dependencies all met for <TaskInstance: bluepi_dag.query_users_data 2021-07-08T11:50:39.686748+00:00 [queued]>
[2021-07-08 11:50:41,778] {taskinstance.py:896} INFO - Dependencies all met for <TaskInstance: bluepi_dag.query_users_data 2021-07-08T11:50:39.686748+00:00 [queued]>
[2021-07-08 11:50:41,779] {taskinstance.py:1087} INFO - 
--------------------------------------------------------------------------------
[2021-07-08 11:50:41,781] {taskinstance.py:1088} INFO - Starting attempt 1 of 1
[2021-07-08 11:50:41,782] {taskinstance.py:1089} INFO - 
--------------------------------------------------------------------------------
[2021-07-08 11:50:41,794] {taskinstance.py:1107} INFO - Executing <Task(PostgresOperator): query_users_data> on 2021-07-08T11:50:39.686748+00:00
[2021-07-08 11:50:41,799] {standard_task_runner.py:52} INFO - Started process 12346 to run task
[2021-07-08 11:50:41,806] {standard_task_runner.py:76} INFO - Running: ['***', 'tasks', 'run', 'bluepi_dag', 'query_users_data', '2021-07-08T11:50:39.686748+00:00', '--job-id', '65', '--pool', 'default_pool', '--raw', '--subdir', 'DAGS_FOLDER/bluepi_dag.py', '--cfg-path', '/tmp/tmpvgzxpb8y', '--error-file', '/tmp/tmp13mj9ahe']
[2021-07-08 11:50:41,810] {standard_task_runner.py:77} INFO - Job 65: Subtask query_users_data
[2021-07-08 11:50:41,889] {logging_mixin.py:104} INFO - Running <TaskInstance: bluepi_dag.query_users_data 2021-07-08T11:50:39.686748+00:00 [running]> on host 3cf0296804bd
[2021-07-08 11:50:41,983] {taskinstance.py:1302} INFO - Exporting the following env vars:
AIRFLOW_CTX_DAG_OWNER=natchanon
AIRFLOW_CTX_DAG_ID=bluepi_dag
AIRFLOW_CTX_TASK_ID=query_users_data
AIRFLOW_CTX_EXECUTION_DATE=2021-07-08T11:50:39.686748+00:00
AIRFLOW_CTX_DAG_RUN_ID=manual__2021-07-08T11:50:39.686748+00:00
[2021-07-08 11:50:41,985] {postgres.py:68} INFO - Executing: 
            SELECT * FROM users;
        
[2021-07-08 11:50:42,001] {base.py:78} INFO - Using connection to: id: my_postgres_conn. Host: 35.247.174.171, Port: 5432, Schema: postgres, Login: exam, Password: ***, extra: {}
[2021-07-08 11:50:43,174] {dbapi.py:204} INFO - Running statement: 
            SELECT * FROM users;
        , parameters: None
[2021-07-08 11:50:43,562] {dbapi.py:212} INFO - Rows affected: 2
[2021-07-08 11:50:43,769] {taskinstance.py:1211} INFO - Marking task as SUCCESS. dag_id=bluepi_dag, task_id=query_users_data, execution_date=20210708T115039, start_date=20210708T115041, end_date=20210708T115043
[2021-07-08 11:50:43,798] {taskinstance.py:1265} INFO - 1 downstream tasks scheduled from follow-on schedule check
[2021-07-08 11:50:43,835] {local_task_job.py:151} INFO - Task exited with return code 0
