[2021-07-08 12:15:33,049] {taskinstance.py:896} INFO - Dependencies all met for <TaskInstance: bluepi_dag.dump_users 2021-07-08T12:15:24.497141+00:00 [queued]>
[2021-07-08 12:15:33,073] {taskinstance.py:896} INFO - Dependencies all met for <TaskInstance: bluepi_dag.dump_users 2021-07-08T12:15:24.497141+00:00 [queued]>
[2021-07-08 12:15:33,073] {taskinstance.py:1087} INFO - 
--------------------------------------------------------------------------------
[2021-07-08 12:15:33,073] {taskinstance.py:1088} INFO - Starting attempt 1 of 1
[2021-07-08 12:15:33,073] {taskinstance.py:1089} INFO - 
--------------------------------------------------------------------------------
[2021-07-08 12:15:33,083] {taskinstance.py:1107} INFO - Executing <Task(PythonOperator): dump_users> on 2021-07-08T12:15:24.497141+00:00
[2021-07-08 12:15:33,088] {standard_task_runner.py:52} INFO - Started process 14013 to run task
[2021-07-08 12:15:33,096] {standard_task_runner.py:76} INFO - Running: ['***', 'tasks', 'run', 'bluepi_dag', 'dump_users', '2021-07-08T12:15:24.497141+00:00', '--job-id', '86', '--pool', 'default_pool', '--raw', '--subdir', 'DAGS_FOLDER/bluepi_dag.py', '--cfg-path', '/tmp/tmpwfbrbndn', '--error-file', '/tmp/tmp58nge4_e']
[2021-07-08 12:15:33,100] {standard_task_runner.py:77} INFO - Job 86: Subtask dump_users
[2021-07-08 12:15:33,156] {logging_mixin.py:104} INFO - Running <TaskInstance: bluepi_dag.dump_users 2021-07-08T12:15:24.497141+00:00 [running]> on host 3cf0296804bd
[2021-07-08 12:15:33,224] {taskinstance.py:1302} INFO - Exporting the following env vars:
AIRFLOW_CTX_DAG_OWNER=natchanon
AIRFLOW_CTX_DAG_ID=bluepi_dag
AIRFLOW_CTX_TASK_ID=dump_users
AIRFLOW_CTX_EXECUTION_DATE=2021-07-08T12:15:24.497141+00:00
AIRFLOW_CTX_DAG_RUN_ID=manual__2021-07-08T12:15:24.497141+00:00
[2021-07-08 12:15:33,237] {base.py:78} INFO - Using connection to: id: my_postgres_conn. Host: 35.247.174.171, Port: 5432, Schema: postgres, Login: exam, Password: ***, extra: {}
[2021-07-08 12:15:35,012] {python.py:151} INFO - Done. Returned value was: None
[2021-07-08 12:15:35,031] {taskinstance.py:1211} INFO - Marking task as SUCCESS. dag_id=bluepi_dag, task_id=dump_users, execution_date=20210708T121524, start_date=20210708T121533, end_date=20210708T121535
[2021-07-08 12:15:35,067] {taskinstance.py:1265} INFO - 1 downstream tasks scheduled from follow-on schedule check
[2021-07-08 12:15:35,083] {local_task_job.py:151} INFO - Task exited with return code 0
