[2021-07-09 06:06:17,004] {taskinstance.py:896} INFO - Dependencies all met for <TaskInstance: bluepi_dag.Transformation.read_users 2021-07-09T05:00:00+00:00 [queued]>
[2021-07-09 06:06:17,022] {taskinstance.py:896} INFO - Dependencies all met for <TaskInstance: bluepi_dag.Transformation.read_users 2021-07-09T05:00:00+00:00 [queued]>
[2021-07-09 06:06:17,023] {taskinstance.py:1087} INFO - 
--------------------------------------------------------------------------------
[2021-07-09 06:06:17,023] {taskinstance.py:1088} INFO - Starting attempt 1 of 1
[2021-07-09 06:06:17,023] {taskinstance.py:1089} INFO - 
--------------------------------------------------------------------------------
[2021-07-09 06:06:17,042] {taskinstance.py:1107} INFO - Executing <Task(GCSToLocalFilesystemOperator): Transformation.read_users> on 2021-07-09T05:00:00+00:00
[2021-07-09 06:06:17,059] {standard_task_runner.py:52} INFO - Started process 14976 to run task
[2021-07-09 06:06:17,088] {standard_task_runner.py:76} INFO - Running: ['***', 'tasks', 'run', 'bluepi_dag', 'Transformation.read_users', '2021-07-09T05:00:00+00:00', '--job-id', '345', '--pool', 'default_pool', '--raw', '--subdir', 'DAGS_FOLDER/bluepi_dag.py', '--cfg-path', '/tmp/tmpyt03y7f5', '--error-file', '/tmp/tmpglp_gl6n']
[2021-07-09 06:06:17,110] {standard_task_runner.py:77} INFO - Job 345: Subtask Transformation.read_users
[2021-07-09 06:06:17,173] {logging_mixin.py:104} INFO - Running <TaskInstance: bluepi_dag.Transformation.read_users 2021-07-09T05:00:00+00:00 [running]> on host 3cf0296804bd
[2021-07-09 06:06:17,254] {taskinstance.py:1302} INFO - Exporting the following env vars:
AIRFLOW_CTX_DAG_OWNER=natchanon
AIRFLOW_CTX_DAG_ID=bluepi_dag
AIRFLOW_CTX_TASK_ID=Transformation.read_users
AIRFLOW_CTX_EXECUTION_DATE=2021-07-09T05:00:00+00:00
AIRFLOW_CTX_DAG_RUN_ID=scheduled__2021-07-09T05:00:00+00:00
[2021-07-09 06:06:17,257] {gcs_to_local.py:127} INFO - Executing download: bluepi-landing-bucket, raw_data/users, /opt/***/dags/users
[2021-07-09 06:06:17,471] {gcs.py:310} INFO - File downloaded to /opt/***/dags/users
[2021-07-09 06:06:17,492] {taskinstance.py:1211} INFO - Marking task as SUCCESS. dag_id=bluepi_dag, task_id=Transformation.read_users, execution_date=20210709T050000, start_date=20210709T060617, end_date=20210709T060617
[2021-07-09 06:06:17,536] {taskinstance.py:1265} INFO - 1 downstream tasks scheduled from follow-on schedule check
[2021-07-09 06:06:17,574] {local_task_job.py:151} INFO - Task exited with return code 0
