[2021-07-08 16:54:52,528] {taskinstance.py:896} INFO - Dependencies all met for <TaskInstance: bluepi_dag.query_user_log_data 2021-07-08T16:54:50.676589+00:00 [queued]>
[2021-07-08 16:54:52,544] {taskinstance.py:896} INFO - Dependencies all met for <TaskInstance: bluepi_dag.query_user_log_data 2021-07-08T16:54:50.676589+00:00 [queued]>
[2021-07-08 16:54:52,544] {taskinstance.py:1087} INFO - 
--------------------------------------------------------------------------------
[2021-07-08 16:54:52,544] {taskinstance.py:1088} INFO - Starting attempt 1 of 1
[2021-07-08 16:54:52,544] {taskinstance.py:1089} INFO - 
--------------------------------------------------------------------------------
[2021-07-08 16:54:52,561] {taskinstance.py:1107} INFO - Executing <Task(PostgresOperator): query_user_log_data> on 2021-07-08T16:54:50.676589+00:00
[2021-07-08 16:54:52,567] {standard_task_runner.py:52} INFO - Started process 2076 to run task
[2021-07-08 16:54:52,574] {standard_task_runner.py:76} INFO - Running: ['***', 'tasks', 'run', 'bluepi_dag', 'query_user_log_data', '2021-07-08T16:54:50.676589+00:00', '--job-id', '185', '--pool', 'default_pool', '--raw', '--subdir', 'DAGS_FOLDER/bluepi_dag.py', '--cfg-path', '/tmp/tmp41am5m85', '--error-file', '/tmp/tmpucmwp6m7']
[2021-07-08 16:54:52,580] {standard_task_runner.py:77} INFO - Job 185: Subtask query_user_log_data
[2021-07-08 16:54:52,641] {logging_mixin.py:104} INFO - Running <TaskInstance: bluepi_dag.query_user_log_data 2021-07-08T16:54:50.676589+00:00 [running]> on host 3cf0296804bd
[2021-07-08 16:54:52,734] {taskinstance.py:1302} INFO - Exporting the following env vars:
AIRFLOW_CTX_DAG_OWNER=natchanon
AIRFLOW_CTX_DAG_ID=bluepi_dag
AIRFLOW_CTX_TASK_ID=query_user_log_data
AIRFLOW_CTX_EXECUTION_DATE=2021-07-08T16:54:50.676589+00:00
AIRFLOW_CTX_DAG_RUN_ID=manual__2021-07-08T16:54:50.676589+00:00
[2021-07-08 16:54:52,736] {postgres.py:68} INFO - Executing: 
            SELECT * FROM user_log;
        
[2021-07-08 16:54:52,748] {base.py:78} INFO - Using connection to: id: my_postgres_conn. Host: 35.247.174.171, Port: 5432, Schema: postgres, Login: exam, Password: ***, extra: {}
[2021-07-08 16:54:53,912] {dbapi.py:204} INFO - Running statement: 
            SELECT * FROM user_log;
        , parameters: None
[2021-07-08 16:54:54,297] {dbapi.py:212} INFO - Rows affected: 7
[2021-07-08 16:54:54,503] {taskinstance.py:1211} INFO - Marking task as SUCCESS. dag_id=bluepi_dag, task_id=query_user_log_data, execution_date=20210708T165450, start_date=20210708T165452, end_date=20210708T165454
[2021-07-08 16:54:54,532] {taskinstance.py:1265} INFO - 1 downstream tasks scheduled from follow-on schedule check
[2021-07-08 16:54:54,553] {local_task_job.py:151} INFO - Task exited with return code 0
