[2021-07-08 12:22:38,681] {taskinstance.py:896} INFO - Dependencies all met for <TaskInstance: bluepi_dag.query_users_data 2021-07-08T12:22:36.089569+00:00 [queued]>
[2021-07-08 12:22:38,705] {taskinstance.py:896} INFO - Dependencies all met for <TaskInstance: bluepi_dag.query_users_data 2021-07-08T12:22:36.089569+00:00 [queued]>
[2021-07-08 12:22:38,706] {taskinstance.py:1087} INFO - 
--------------------------------------------------------------------------------
[2021-07-08 12:22:38,707] {taskinstance.py:1088} INFO - Starting attempt 1 of 1
[2021-07-08 12:22:38,707] {taskinstance.py:1089} INFO - 
--------------------------------------------------------------------------------
[2021-07-08 12:22:38,720] {taskinstance.py:1107} INFO - Executing <Task(PostgresOperator): query_users_data> on 2021-07-08T12:22:36.089569+00:00
[2021-07-08 12:22:38,729] {standard_task_runner.py:52} INFO - Started process 14496 to run task
[2021-07-08 12:22:38,736] {standard_task_runner.py:76} INFO - Running: ['***', 'tasks', 'run', 'bluepi_dag', 'query_users_data', '2021-07-08T12:22:36.089569+00:00', '--job-id', '98', '--pool', 'default_pool', '--raw', '--subdir', 'DAGS_FOLDER/bluepi_dag.py', '--cfg-path', '/tmp/tmp4pk5dmau', '--error-file', '/tmp/tmpq613_i1z']
[2021-07-08 12:22:38,743] {standard_task_runner.py:77} INFO - Job 98: Subtask query_users_data
[2021-07-08 12:22:38,813] {logging_mixin.py:104} INFO - Running <TaskInstance: bluepi_dag.query_users_data 2021-07-08T12:22:36.089569+00:00 [running]> on host 3cf0296804bd
[2021-07-08 12:22:38,885] {taskinstance.py:1302} INFO - Exporting the following env vars:
AIRFLOW_CTX_DAG_OWNER=natchanon
AIRFLOW_CTX_DAG_ID=bluepi_dag
AIRFLOW_CTX_TASK_ID=query_users_data
AIRFLOW_CTX_EXECUTION_DATE=2021-07-08T12:22:36.089569+00:00
AIRFLOW_CTX_DAG_RUN_ID=manual__2021-07-08T12:22:36.089569+00:00
[2021-07-08 12:22:38,887] {postgres.py:68} INFO - Executing: 
            SELECT * FROM users;
        
[2021-07-08 12:22:38,898] {base.py:78} INFO - Using connection to: id: my_postgres_conn. Host: 35.247.174.171, Port: 5432, Schema: postgres, Login: exam, Password: ***, extra: {}
[2021-07-08 12:22:40,009] {dbapi.py:204} INFO - Running statement: 
            SELECT * FROM users;
        , parameters: None
[2021-07-08 12:22:40,377] {dbapi.py:212} INFO - Rows affected: 2
[2021-07-08 12:22:40,573] {taskinstance.py:1211} INFO - Marking task as SUCCESS. dag_id=bluepi_dag, task_id=query_users_data, execution_date=20210708T122236, start_date=20210708T122238, end_date=20210708T122240
[2021-07-08 12:22:40,606] {taskinstance.py:1265} INFO - 1 downstream tasks scheduled from follow-on schedule check
[2021-07-08 12:22:40,636] {local_task_job.py:151} INFO - Task exited with return code 0
