[2021-07-08 13:21:36,653] {taskinstance.py:896} INFO - Dependencies all met for <TaskInstance: bluepi_dag.user_log_to_csv 2021-07-08T13:21:23.549533+00:00 [queued]>
[2021-07-08 13:21:36,678] {taskinstance.py:896} INFO - Dependencies all met for <TaskInstance: bluepi_dag.user_log_to_csv 2021-07-08T13:21:23.549533+00:00 [queued]>
[2021-07-08 13:21:36,679] {taskinstance.py:1087} INFO - 
--------------------------------------------------------------------------------
[2021-07-08 13:21:36,679] {taskinstance.py:1088} INFO - Starting attempt 1 of 1
[2021-07-08 13:21:36,680] {taskinstance.py:1089} INFO - 
--------------------------------------------------------------------------------
[2021-07-08 13:21:36,706] {taskinstance.py:1107} INFO - Executing <Task(PythonOperator): user_log_to_csv> on 2021-07-08T13:21:23.549533+00:00
[2021-07-08 13:21:36,733] {standard_task_runner.py:52} INFO - Started process 18337 to run task
[2021-07-08 13:21:36,741] {standard_task_runner.py:76} INFO - Running: ['***', 'tasks', 'run', 'bluepi_dag', 'user_log_to_csv', '2021-07-08T13:21:23.549533+00:00', '--job-id', '113', '--pool', 'default_pool', '--raw', '--subdir', 'DAGS_FOLDER/bluepi_dag.py', '--cfg-path', '/tmp/tmpbx0r4z37', '--error-file', '/tmp/tmpiciekpc8']
[2021-07-08 13:21:36,750] {standard_task_runner.py:77} INFO - Job 113: Subtask user_log_to_csv
[2021-07-08 13:21:36,818] {logging_mixin.py:104} INFO - Running <TaskInstance: bluepi_dag.user_log_to_csv 2021-07-08T13:21:23.549533+00:00 [running]> on host 3cf0296804bd
[2021-07-08 13:21:36,904] {taskinstance.py:1302} INFO - Exporting the following env vars:
AIRFLOW_CTX_DAG_OWNER=natchanon
AIRFLOW_CTX_DAG_ID=bluepi_dag
AIRFLOW_CTX_TASK_ID=user_log_to_csv
AIRFLOW_CTX_EXECUTION_DATE=2021-07-08T13:21:23.549533+00:00
AIRFLOW_CTX_DAG_RUN_ID=manual__2021-07-08T13:21:23.549533+00:00
[2021-07-08 13:21:36,938] {python.py:151} INFO - Done. Returned value was: None
[2021-07-08 13:21:36,958] {taskinstance.py:1211} INFO - Marking task as SUCCESS. dag_id=bluepi_dag, task_id=user_log_to_csv, execution_date=20210708T132123, start_date=20210708T132136, end_date=20210708T132136
[2021-07-08 13:21:37,001] {taskinstance.py:1265} INFO - 0 downstream tasks scheduled from follow-on schedule check
[2021-07-08 13:21:37,035] {local_task_job.py:151} INFO - Task exited with return code 0
