[2021-07-08 13:22:32,838] {taskinstance.py:896} INFO - Dependencies all met for <TaskInstance: bluepi_dag.dump_users 2021-07-08T13:22:23.348968+00:00 [queued]>
[2021-07-08 13:22:32,930] {taskinstance.py:896} INFO - Dependencies all met for <TaskInstance: bluepi_dag.dump_users 2021-07-08T13:22:23.348968+00:00 [queued]>
[2021-07-08 13:22:32,930] {taskinstance.py:1087} INFO - 
--------------------------------------------------------------------------------
[2021-07-08 13:22:32,930] {taskinstance.py:1088} INFO - Starting attempt 1 of 1
[2021-07-08 13:22:32,930] {taskinstance.py:1089} INFO - 
--------------------------------------------------------------------------------
[2021-07-08 13:22:32,949] {taskinstance.py:1107} INFO - Executing <Task(PythonOperator): dump_users> on 2021-07-08T13:22:23.348968+00:00
[2021-07-08 13:22:32,958] {standard_task_runner.py:52} INFO - Started process 18423 to run task
[2021-07-08 13:22:32,968] {standard_task_runner.py:76} INFO - Running: ['***', 'tasks', 'run', 'bluepi_dag', 'dump_users', '2021-07-08T13:22:23.348968+00:00', '--job-id', '119', '--pool', 'default_pool', '--raw', '--subdir', 'DAGS_FOLDER/bluepi_dag.py', '--cfg-path', '/tmp/tmphuf_6_69', '--error-file', '/tmp/tmpo6h9pr8g']
[2021-07-08 13:22:32,978] {standard_task_runner.py:77} INFO - Job 119: Subtask dump_users
[2021-07-08 13:22:33,057] {logging_mixin.py:104} INFO - Running <TaskInstance: bluepi_dag.dump_users 2021-07-08T13:22:23.348968+00:00 [running]> on host 3cf0296804bd
[2021-07-08 13:22:33,147] {taskinstance.py:1302} INFO - Exporting the following env vars:
AIRFLOW_CTX_DAG_OWNER=natchanon
AIRFLOW_CTX_DAG_ID=bluepi_dag
AIRFLOW_CTX_TASK_ID=dump_users
AIRFLOW_CTX_EXECUTION_DATE=2021-07-08T13:22:23.348968+00:00
AIRFLOW_CTX_DAG_RUN_ID=manual__2021-07-08T13:22:23.348968+00:00
[2021-07-08 13:22:33,164] {base.py:78} INFO - Using connection to: id: my_postgres_conn. Host: 35.247.174.171, Port: 5432, Schema: postgres, Login: exam, Password: ***, extra: {}
[2021-07-08 13:22:34,897] {python.py:151} INFO - Done. Returned value was: None
[2021-07-08 13:22:34,910] {taskinstance.py:1211} INFO - Marking task as SUCCESS. dag_id=bluepi_dag, task_id=dump_users, execution_date=20210708T132223, start_date=20210708T132232, end_date=20210708T132234
[2021-07-08 13:22:34,946] {taskinstance.py:1265} INFO - 1 downstream tasks scheduled from follow-on schedule check
[2021-07-08 13:22:34,986] {local_task_job.py:151} INFO - Task exited with return code 0
