[2021-07-08 12:22:49,488] {taskinstance.py:896} INFO - Dependencies all met for <TaskInstance: bluepi_dag.user_log_to_csv 2021-07-08T12:22:36.089569+00:00 [queued]>
[2021-07-08 12:22:49,517] {taskinstance.py:896} INFO - Dependencies all met for <TaskInstance: bluepi_dag.user_log_to_csv 2021-07-08T12:22:36.089569+00:00 [queued]>
[2021-07-08 12:22:49,518] {taskinstance.py:1087} INFO - 
--------------------------------------------------------------------------------
[2021-07-08 12:22:49,518] {taskinstance.py:1088} INFO - Starting attempt 1 of 1
[2021-07-08 12:22:49,518] {taskinstance.py:1089} INFO - 
--------------------------------------------------------------------------------
[2021-07-08 12:22:49,533] {taskinstance.py:1107} INFO - Executing <Task(PythonOperator): user_log_to_csv> on 2021-07-08T12:22:36.089569+00:00
[2021-07-08 12:22:49,539] {standard_task_runner.py:52} INFO - Started process 14528 to run task
[2021-07-08 12:22:49,550] {standard_task_runner.py:76} INFO - Running: ['***', 'tasks', 'run', 'bluepi_dag', 'user_log_to_csv', '2021-07-08T12:22:36.089569+00:00', '--job-id', '104', '--pool', 'default_pool', '--raw', '--subdir', 'DAGS_FOLDER/bluepi_dag.py', '--cfg-path', '/tmp/tmpuhzwel5d', '--error-file', '/tmp/tmpfjxkxjpg']
[2021-07-08 12:22:49,560] {standard_task_runner.py:77} INFO - Job 104: Subtask user_log_to_csv
[2021-07-08 12:22:49,662] {logging_mixin.py:104} INFO - Running <TaskInstance: bluepi_dag.user_log_to_csv 2021-07-08T12:22:36.089569+00:00 [running]> on host 3cf0296804bd
[2021-07-08 12:22:49,760] {taskinstance.py:1302} INFO - Exporting the following env vars:
AIRFLOW_CTX_DAG_OWNER=natchanon
AIRFLOW_CTX_DAG_ID=bluepi_dag
AIRFLOW_CTX_TASK_ID=user_log_to_csv
AIRFLOW_CTX_EXECUTION_DATE=2021-07-08T12:22:36.089569+00:00
AIRFLOW_CTX_DAG_RUN_ID=manual__2021-07-08T12:22:36.089569+00:00
[2021-07-08 12:22:49,796] {python.py:151} INFO - Done. Returned value was: None
[2021-07-08 12:22:49,814] {taskinstance.py:1211} INFO - Marking task as SUCCESS. dag_id=bluepi_dag, task_id=user_log_to_csv, execution_date=20210708T122236, start_date=20210708T122249, end_date=20210708T122249
[2021-07-08 12:22:49,870] {taskinstance.py:1265} INFO - 0 downstream tasks scheduled from follow-on schedule check
[2021-07-08 12:22:49,919] {local_task_job.py:151} INFO - Task exited with return code 0
