[2021-07-09 04:36:08,494] {taskinstance.py:896} INFO - Dependencies all met for <TaskInstance: bluepi_dag.Transformation.read_users 2021-07-09T04:36:02.713158+00:00 [queued]>
[2021-07-09 04:36:08,511] {taskinstance.py:896} INFO - Dependencies all met for <TaskInstance: bluepi_dag.Transformation.read_users 2021-07-09T04:36:02.713158+00:00 [queued]>
[2021-07-09 04:36:08,512] {taskinstance.py:1087} INFO - 
--------------------------------------------------------------------------------
[2021-07-09 04:36:08,512] {taskinstance.py:1088} INFO - Starting attempt 1 of 1
[2021-07-09 04:36:08,513] {taskinstance.py:1089} INFO - 
--------------------------------------------------------------------------------
[2021-07-09 04:36:08,535] {taskinstance.py:1107} INFO - Executing <Task(GCSToLocalFilesystemOperator): Transformation.read_users> on 2021-07-09T04:36:02.713158+00:00
[2021-07-09 04:36:08,543] {standard_task_runner.py:52} INFO - Started process 9146 to run task
[2021-07-09 04:36:08,549] {standard_task_runner.py:76} INFO - Running: ['***', 'tasks', 'run', 'bluepi_dag', 'Transformation.read_users', '2021-07-09T04:36:02.713158+00:00', '--job-id', '334', '--pool', 'default_pool', '--raw', '--subdir', 'DAGS_FOLDER/bluepi_dag.py', '--cfg-path', '/tmp/tmps6g37js9', '--error-file', '/tmp/tmpdiev54w9']
[2021-07-09 04:36:08,563] {standard_task_runner.py:77} INFO - Job 334: Subtask Transformation.read_users
[2021-07-09 04:36:08,657] {logging_mixin.py:104} INFO - Running <TaskInstance: bluepi_dag.Transformation.read_users 2021-07-09T04:36:02.713158+00:00 [running]> on host 3cf0296804bd
[2021-07-09 04:36:08,766] {taskinstance.py:1302} INFO - Exporting the following env vars:
AIRFLOW_CTX_DAG_OWNER=natchanon
AIRFLOW_CTX_DAG_ID=bluepi_dag
AIRFLOW_CTX_TASK_ID=Transformation.read_users
AIRFLOW_CTX_EXECUTION_DATE=2021-07-09T04:36:02.713158+00:00
AIRFLOW_CTX_DAG_RUN_ID=manual__2021-07-09T04:36:02.713158+00:00
[2021-07-09 04:36:08,772] {gcs_to_local.py:127} INFO - Executing download: bluepi-landing-bucket, raw_data/users, /opt/***/dags/users
[2021-07-09 04:36:08,913] {gcs.py:310} INFO - File downloaded to /opt/***/dags/users
[2021-07-09 04:36:08,926] {taskinstance.py:1211} INFO - Marking task as SUCCESS. dag_id=bluepi_dag, task_id=Transformation.read_users, execution_date=20210709T043602, start_date=20210709T043608, end_date=20210709T043608
[2021-07-09 04:36:08,961] {taskinstance.py:1265} INFO - 1 downstream tasks scheduled from follow-on schedule check
[2021-07-09 04:36:09,003] {local_task_job.py:151} INFO - Task exited with return code 0
