[2021-07-08 11:06:44,654] {taskinstance.py:896} INFO - Dependencies all met for <TaskInstance: bluepi_dag.hook_user_log_data 2021-07-08T11:06:38.164795+00:00 [queued]>
[2021-07-08 11:06:44,680] {taskinstance.py:896} INFO - Dependencies all met for <TaskInstance: bluepi_dag.hook_user_log_data 2021-07-08T11:06:38.164795+00:00 [queued]>
[2021-07-08 11:06:44,680] {taskinstance.py:1087} INFO - 
--------------------------------------------------------------------------------
[2021-07-08 11:06:44,680] {taskinstance.py:1088} INFO - Starting attempt 1 of 1
[2021-07-08 11:06:44,680] {taskinstance.py:1089} INFO - 
--------------------------------------------------------------------------------
[2021-07-08 11:06:44,696] {taskinstance.py:1107} INFO - Executing <Task(PythonOperator): hook_user_log_data> on 2021-07-08T11:06:38.164795+00:00
[2021-07-08 11:06:44,702] {standard_task_runner.py:52} INFO - Started process 9377 to run task
[2021-07-08 11:06:44,712] {standard_task_runner.py:76} INFO - Running: ['***', 'tasks', 'run', 'bluepi_dag', 'hook_user_log_data', '2021-07-08T11:06:38.164795+00:00', '--job-id', '16', '--pool', 'default_pool', '--raw', '--subdir', 'DAGS_FOLDER/bluepi_dag.py', '--cfg-path', '/tmp/tmpaplot7jw', '--error-file', '/tmp/tmpidhl6k3g']
[2021-07-08 11:06:44,715] {standard_task_runner.py:77} INFO - Job 16: Subtask hook_user_log_data
[2021-07-08 11:06:44,785] {logging_mixin.py:104} INFO - Running <TaskInstance: bluepi_dag.hook_user_log_data 2021-07-08T11:06:38.164795+00:00 [running]> on host 3cf0296804bd
[2021-07-08 11:06:44,849] {taskinstance.py:1302} INFO - Exporting the following env vars:
AIRFLOW_CTX_DAG_OWNER=natchanon
AIRFLOW_CTX_DAG_ID=bluepi_dag
AIRFLOW_CTX_TASK_ID=hook_user_log_data
AIRFLOW_CTX_EXECUTION_DATE=2021-07-08T11:06:38.164795+00:00
AIRFLOW_CTX_DAG_RUN_ID=manual__2021-07-08T11:06:38.164795+00:00
[2021-07-08 11:06:44,861] {base.py:78} INFO - Using connection to: id: my_postgres_conn. Host: 35.247.174.171, Port: 5432, Schema: postgres, Login: exam, Password: ***, extra: {}
[2021-07-08 11:06:46,384] {logging_mixin.py:104} INFO - (datetime.datetime(2020, 2, 16, 18, 46, 5, 934519, tzinfo=datetime.timezone.utc), datetime.datetime(2020, 2, 16, 18, 46, 5, 934519, tzinfo=datetime.timezone.utc), '4b796e06-3178-4133-ad30-dc505bfc13f5', '55514cf0-3026-404f-8ea3-f41b00bdf6b5', 'login', 0)
[2021-07-08 11:06:46,384] {logging_mixin.py:104} INFO - (datetime.datetime(2020, 2, 16, 18, 46, 6, 934519, tzinfo=datetime.timezone.utc), datetime.datetime(2020, 2, 16, 18, 46, 6, 934519, tzinfo=datetime.timezone.utc), '8745cacb-f8aa-4294-b824-2d3a5c50f171', '55514cf0-3026-404f-8ea3-f41b00bdf6b5', 'login', 0)
[2021-07-08 11:06:46,385] {logging_mixin.py:104} INFO - (datetime.datetime(2020, 2, 16, 18, 50, 7, 934519, tzinfo=datetime.timezone.utc), datetime.datetime(2020, 2, 16, 18, 50, 7, 934519, tzinfo=datetime.timezone.utc), '6cfd027d-b50b-4855-b279-91f99ce4476d', '55514cf0-3026-404f-8ea3-f41b00bdf6b5', 'change password', 1)
[2021-07-08 11:06:46,385] {logging_mixin.py:104} INFO - (datetime.datetime(2020, 2, 16, 18, 56, 7, 934519, tzinfo=datetime.timezone.utc), datetime.datetime(2020, 2, 16, 18, 56, 7, 934519, tzinfo=datetime.timezone.utc), 'c0c97762-694b-45fd-a41e-7304313eab82', '55514cf0-3026-404f-8ea3-f41b00bdf6b5', 'login', 1)
[2021-07-08 11:06:46,385] {logging_mixin.py:104} INFO - (datetime.datetime(2020, 2, 16, 18, 48, 8, 934519, tzinfo=datetime.timezone.utc), datetime.datetime(2020, 2, 16, 18, 48, 8, 934519, tzinfo=datetime.timezone.utc), '59131a90-62c9-40d8-899e-31c3dee8ad7e', 'd0e73a35-ff6a-4f64-89b4-ed2b813782a3', 'login', 1)
[2021-07-08 11:06:46,385] {logging_mixin.py:104} INFO - (datetime.datetime(2020, 2, 16, 18, 52, 7, 934519, tzinfo=datetime.timezone.utc), datetime.datetime(2020, 2, 16, 18, 52, 7, 934519, tzinfo=datetime.timezone.utc), '5bccf37b-5d03-4c54-a76e-5eb54a3290a5', 'd0e73a35-ff6a-4f64-89b4-ed2b813782a3', 'logout', 1)
[2021-07-08 11:06:46,385] {logging_mixin.py:104} INFO - (datetime.datetime(2021, 3, 21, 19, 10, 15, 10466, tzinfo=datetime.timezone.utc), datetime.datetime(2021, 3, 21, 19, 10, 15, 10466, tzinfo=datetime.timezone.utc), 'c12bcaa2-563c-416e-91db-36d846b0feae', '55514cf0-3026-404f-8ea3-f41b00bdf6b5', 'change password', 0)
[2021-07-08 11:06:46,385] {python.py:151} INFO - Done. Returned value was: None
[2021-07-08 11:06:46,403] {taskinstance.py:1211} INFO - Marking task as SUCCESS. dag_id=bluepi_dag, task_id=hook_user_log_data, execution_date=20210708T110638, start_date=20210708T110644, end_date=20210708T110646
[2021-07-08 11:06:46,442] {taskinstance.py:1265} INFO - 0 downstream tasks scheduled from follow-on schedule check
[2021-07-08 11:06:46,463] {local_task_job.py:151} INFO - Task exited with return code 0
