[2021-07-08 16:34:47,341] {taskinstance.py:896} INFO - Dependencies all met for <TaskInstance: bluepi_dag.user_log_to_csv 2021-07-08T16:34:34.218776+00:00 [queued]>
[2021-07-08 16:34:47,355] {taskinstance.py:896} INFO - Dependencies all met for <TaskInstance: bluepi_dag.user_log_to_csv 2021-07-08T16:34:34.218776+00:00 [queued]>
[2021-07-08 16:34:47,355] {taskinstance.py:1087} INFO - 
--------------------------------------------------------------------------------
[2021-07-08 16:34:47,355] {taskinstance.py:1088} INFO - Starting attempt 1 of 1
[2021-07-08 16:34:47,355] {taskinstance.py:1089} INFO - 
--------------------------------------------------------------------------------
[2021-07-08 16:34:47,372] {taskinstance.py:1107} INFO - Executing <Task(PythonOperator): user_log_to_csv> on 2021-07-08T16:34:34.218776+00:00
[2021-07-08 16:34:47,379] {standard_task_runner.py:52} INFO - Started process 767 to run task
[2021-07-08 16:34:47,385] {standard_task_runner.py:76} INFO - Running: ['***', 'tasks', 'run', 'bluepi_dag', 'user_log_to_csv', '2021-07-08T16:34:34.218776+00:00', '--job-id', '177', '--pool', 'default_pool', '--raw', '--subdir', 'DAGS_FOLDER/bluepi_dag.py', '--cfg-path', '/tmp/tmpzkfssveg', '--error-file', '/tmp/tmpv90lry1c']
[2021-07-08 16:34:47,393] {standard_task_runner.py:77} INFO - Job 177: Subtask user_log_to_csv
[2021-07-08 16:34:47,456] {logging_mixin.py:104} INFO - Running <TaskInstance: bluepi_dag.user_log_to_csv 2021-07-08T16:34:34.218776+00:00 [running]> on host 3cf0296804bd
[2021-07-08 16:34:47,531] {taskinstance.py:1302} INFO - Exporting the following env vars:
AIRFLOW_CTX_DAG_OWNER=natchanon
AIRFLOW_CTX_DAG_ID=bluepi_dag
AIRFLOW_CTX_TASK_ID=user_log_to_csv
AIRFLOW_CTX_EXECUTION_DATE=2021-07-08T16:34:34.218776+00:00
AIRFLOW_CTX_DAG_RUN_ID=manual__2021-07-08T16:34:34.218776+00:00
[2021-07-08 16:34:47,561] {python.py:151} INFO - Done. Returned value was: None
[2021-07-08 16:34:47,579] {taskinstance.py:1211} INFO - Marking task as SUCCESS. dag_id=bluepi_dag, task_id=user_log_to_csv, execution_date=20210708T163434, start_date=20210708T163447, end_date=20210708T163447
[2021-07-08 16:34:47,613] {taskinstance.py:1265} INFO - 1 downstream tasks scheduled from follow-on schedule check
[2021-07-08 16:34:47,639] {local_task_job.py:151} INFO - Task exited with return code 0
