[2021-07-08 12:22:46,082] {taskinstance.py:896} INFO - Dependencies all met for <TaskInstance: bluepi_dag.dump_user_log 2021-07-08T12:22:36.089569+00:00 [queued]>
[2021-07-08 12:22:46,103] {taskinstance.py:896} INFO - Dependencies all met for <TaskInstance: bluepi_dag.dump_user_log 2021-07-08T12:22:36.089569+00:00 [queued]>
[2021-07-08 12:22:46,104] {taskinstance.py:1087} INFO - 
--------------------------------------------------------------------------------
[2021-07-08 12:22:46,104] {taskinstance.py:1088} INFO - Starting attempt 1 of 1
[2021-07-08 12:22:46,104] {taskinstance.py:1089} INFO - 
--------------------------------------------------------------------------------
[2021-07-08 12:22:46,112] {taskinstance.py:1107} INFO - Executing <Task(PythonOperator): dump_user_log> on 2021-07-08T12:22:36.089569+00:00
[2021-07-08 12:22:46,117] {standard_task_runner.py:52} INFO - Started process 14521 to run task
[2021-07-08 12:22:46,125] {standard_task_runner.py:76} INFO - Running: ['***', 'tasks', 'run', 'bluepi_dag', 'dump_user_log', '2021-07-08T12:22:36.089569+00:00', '--job-id', '101', '--pool', 'default_pool', '--raw', '--subdir', 'DAGS_FOLDER/bluepi_dag.py', '--cfg-path', '/tmp/tmp9nfv5pf1', '--error-file', '/tmp/tmp_byr5ofc']
[2021-07-08 12:22:46,131] {standard_task_runner.py:77} INFO - Job 101: Subtask dump_user_log
[2021-07-08 12:22:46,194] {logging_mixin.py:104} INFO - Running <TaskInstance: bluepi_dag.dump_user_log 2021-07-08T12:22:36.089569+00:00 [running]> on host 3cf0296804bd
[2021-07-08 12:22:46,269] {taskinstance.py:1302} INFO - Exporting the following env vars:
AIRFLOW_CTX_DAG_OWNER=natchanon
AIRFLOW_CTX_DAG_ID=bluepi_dag
AIRFLOW_CTX_TASK_ID=dump_user_log
AIRFLOW_CTX_EXECUTION_DATE=2021-07-08T12:22:36.089569+00:00
AIRFLOW_CTX_DAG_RUN_ID=manual__2021-07-08T12:22:36.089569+00:00
[2021-07-08 12:22:46,285] {base.py:78} INFO - Using connection to: id: my_postgres_conn. Host: 35.247.174.171, Port: 5432, Schema: postgres, Login: exam, Password: ***, extra: {}
[2021-07-08 12:22:48,005] {python.py:151} INFO - Done. Returned value was: None
[2021-07-08 12:22:48,018] {taskinstance.py:1211} INFO - Marking task as SUCCESS. dag_id=bluepi_dag, task_id=dump_user_log, execution_date=20210708T122236, start_date=20210708T122246, end_date=20210708T122248
[2021-07-08 12:22:48,052] {taskinstance.py:1265} INFO - 1 downstream tasks scheduled from follow-on schedule check
[2021-07-08 12:22:48,068] {local_task_job.py:151} INFO - Task exited with return code 0
