[2021-07-09 06:06:19,571] {taskinstance.py:896} INFO - Dependencies all met for <TaskInstance: bluepi_dag.Transformation.transform_users 2021-07-09T05:00:00+00:00 [queued]>
[2021-07-09 06:06:19,589] {taskinstance.py:896} INFO - Dependencies all met for <TaskInstance: bluepi_dag.Transformation.transform_users 2021-07-09T05:00:00+00:00 [queued]>
[2021-07-09 06:06:19,589] {taskinstance.py:1087} INFO - 
--------------------------------------------------------------------------------
[2021-07-09 06:06:19,589] {taskinstance.py:1088} INFO - Starting attempt 1 of 1
[2021-07-09 06:06:19,589] {taskinstance.py:1089} INFO - 
--------------------------------------------------------------------------------
[2021-07-09 06:06:19,609] {taskinstance.py:1107} INFO - Executing <Task(PythonOperator): Transformation.transform_users> on 2021-07-09T05:00:00+00:00
[2021-07-09 06:06:19,615] {standard_task_runner.py:52} INFO - Started process 14985 to run task
[2021-07-09 06:06:19,622] {standard_task_runner.py:76} INFO - Running: ['***', 'tasks', 'run', 'bluepi_dag', 'Transformation.transform_users', '2021-07-09T05:00:00+00:00', '--job-id', '348', '--pool', 'default_pool', '--raw', '--subdir', 'DAGS_FOLDER/bluepi_dag.py', '--cfg-path', '/tmp/tmpl6cbw3s4', '--error-file', '/tmp/tmp8ya36qx7']
[2021-07-09 06:06:19,631] {standard_task_runner.py:77} INFO - Job 348: Subtask Transformation.transform_users
[2021-07-09 06:06:19,698] {logging_mixin.py:104} INFO - Running <TaskInstance: bluepi_dag.Transformation.transform_users 2021-07-09T05:00:00+00:00 [running]> on host 3cf0296804bd
[2021-07-09 06:06:19,762] {taskinstance.py:1302} INFO - Exporting the following env vars:
AIRFLOW_CTX_DAG_OWNER=natchanon
AIRFLOW_CTX_DAG_ID=bluepi_dag
AIRFLOW_CTX_TASK_ID=Transformation.transform_users
AIRFLOW_CTX_EXECUTION_DATE=2021-07-09T05:00:00+00:00
AIRFLOW_CTX_DAG_RUN_ID=scheduled__2021-07-09T05:00:00+00:00
[2021-07-09 06:06:19,837] {logging_mixin.py:104} INFO -                      created_at  ...                    updated_at
0 2020-02-16 18:33:57.796066999  ... 2020-02-16 18:33:57.796066999
1 2020-02-16 18:33:57.796066999  ... 2020-02-16 18:33:57.796066999

[2 rows x 5 columns]
[2021-07-09 06:06:19,838] {logging_mixin.py:104} INFO - created_at    datetime64[ns]
first_name            object
id                    object
last_name             object
updated_at    datetime64[ns]
dtype: object
[2021-07-09 06:06:19,841] {python.py:151} INFO - Done. Returned value was: None
[2021-07-09 06:06:19,856] {taskinstance.py:1211} INFO - Marking task as SUCCESS. dag_id=bluepi_dag, task_id=Transformation.transform_users, execution_date=20210709T050000, start_date=20210709T060619, end_date=20210709T060619
[2021-07-09 06:06:19,892] {taskinstance.py:1265} INFO - 1 downstream tasks scheduled from follow-on schedule check
[2021-07-09 06:06:19,916] {local_task_job.py:151} INFO - Task exited with return code 0
