[2021-07-08 17:23:33,995] {taskinstance.py:896} INFO - Dependencies all met for <TaskInstance: bluepi_dag.user_log_to_csv 2021-07-08T17:23:20.410670+00:00 [queued]>
[2021-07-08 17:23:34,016] {taskinstance.py:896} INFO - Dependencies all met for <TaskInstance: bluepi_dag.user_log_to_csv 2021-07-08T17:23:20.410670+00:00 [queued]>
[2021-07-08 17:23:34,016] {taskinstance.py:1087} INFO - 
--------------------------------------------------------------------------------
[2021-07-08 17:23:34,016] {taskinstance.py:1088} INFO - Starting attempt 1 of 1
[2021-07-08 17:23:34,016] {taskinstance.py:1089} INFO - 
--------------------------------------------------------------------------------
[2021-07-08 17:23:34,026] {taskinstance.py:1107} INFO - Executing <Task(PythonOperator): user_log_to_csv> on 2021-07-08T17:23:20.410670+00:00
[2021-07-08 17:23:34,032] {standard_task_runner.py:52} INFO - Started process 636 to run task
[2021-07-08 17:23:34,038] {standard_task_runner.py:76} INFO - Running: ['***', 'tasks', 'run', 'bluepi_dag', 'user_log_to_csv', '2021-07-08T17:23:20.410670+00:00', '--job-id', '220', '--pool', 'default_pool', '--raw', '--subdir', 'DAGS_FOLDER/bluepi_dag.py', '--cfg-path', '/tmp/tmpx26g2o7m', '--error-file', '/tmp/tmp4d_pd9gm']
[2021-07-08 17:23:34,046] {standard_task_runner.py:77} INFO - Job 220: Subtask user_log_to_csv
[2021-07-08 17:23:34,103] {logging_mixin.py:104} INFO - Running <TaskInstance: bluepi_dag.user_log_to_csv 2021-07-08T17:23:20.410670+00:00 [running]> on host 3cf0296804bd
[2021-07-08 17:23:34,167] {taskinstance.py:1302} INFO - Exporting the following env vars:
AIRFLOW_CTX_DAG_OWNER=natchanon
AIRFLOW_CTX_DAG_ID=bluepi_dag
AIRFLOW_CTX_TASK_ID=user_log_to_csv
AIRFLOW_CTX_EXECUTION_DATE=2021-07-08T17:23:20.410670+00:00
AIRFLOW_CTX_DAG_RUN_ID=manual__2021-07-08T17:23:20.410670+00:00
[2021-07-08 17:23:34,192] {python.py:151} INFO - Done. Returned value was: None
[2021-07-08 17:23:34,206] {taskinstance.py:1211} INFO - Marking task as SUCCESS. dag_id=bluepi_dag, task_id=user_log_to_csv, execution_date=20210708T172320, start_date=20210708T172333, end_date=20210708T172334
[2021-07-08 17:23:34,250] {taskinstance.py:1265} INFO - 1 downstream tasks scheduled from follow-on schedule check
[2021-07-08 17:23:34,289] {local_task_job.py:151} INFO - Task exited with return code 0
