[2021-07-08 11:15:38,559] {taskinstance.py:896} INFO - Dependencies all met for <TaskInstance: bluepi_dag.query_users_data 2021-07-08T11:15:36.639203+00:00 [queued]>
[2021-07-08 11:15:38,580] {taskinstance.py:896} INFO - Dependencies all met for <TaskInstance: bluepi_dag.query_users_data 2021-07-08T11:15:36.639203+00:00 [queued]>
[2021-07-08 11:15:38,580] {taskinstance.py:1087} INFO - 
--------------------------------------------------------------------------------
[2021-07-08 11:15:38,580] {taskinstance.py:1088} INFO - Starting attempt 1 of 1
[2021-07-08 11:15:38,580] {taskinstance.py:1089} INFO - 
--------------------------------------------------------------------------------
[2021-07-08 11:15:38,591] {taskinstance.py:1107} INFO - Executing <Task(PostgresOperator): query_users_data> on 2021-07-08T11:15:36.639203+00:00
[2021-07-08 11:15:38,596] {standard_task_runner.py:52} INFO - Started process 9947 to run task
[2021-07-08 11:15:38,603] {standard_task_runner.py:76} INFO - Running: ['***', 'tasks', 'run', 'bluepi_dag', 'query_users_data', '2021-07-08T11:15:36.639203+00:00', '--job-id', '17', '--pool', 'default_pool', '--raw', '--subdir', 'DAGS_FOLDER/bluepi_dag.py', '--cfg-path', '/tmp/tmpdb2_z1jn', '--error-file', '/tmp/tmpef3u4ogy']
[2021-07-08 11:15:38,607] {standard_task_runner.py:77} INFO - Job 17: Subtask query_users_data
[2021-07-08 11:15:38,661] {logging_mixin.py:104} INFO - Running <TaskInstance: bluepi_dag.query_users_data 2021-07-08T11:15:36.639203+00:00 [running]> on host 3cf0296804bd
[2021-07-08 11:15:38,723] {taskinstance.py:1302} INFO - Exporting the following env vars:
AIRFLOW_CTX_DAG_OWNER=natchanon
AIRFLOW_CTX_DAG_ID=bluepi_dag
AIRFLOW_CTX_TASK_ID=query_users_data
AIRFLOW_CTX_EXECUTION_DATE=2021-07-08T11:15:36.639203+00:00
AIRFLOW_CTX_DAG_RUN_ID=manual__2021-07-08T11:15:36.639203+00:00
[2021-07-08 11:15:38,726] {postgres.py:68} INFO - Executing: 
            SELECT * FROM users;
        
[2021-07-08 11:15:38,739] {base.py:78} INFO - Using connection to: id: my_postgres_conn. Host: 35.247.174.171, Port: 5432, Schema: postgres, Login: exam, Password: ***, extra: {}
[2021-07-08 11:15:39,887] {dbapi.py:204} INFO - Running statement: 
            SELECT * FROM users;
        , parameters: None
[2021-07-08 11:15:40,267] {dbapi.py:212} INFO - Rows affected: 2
[2021-07-08 11:15:40,472] {taskinstance.py:1211} INFO - Marking task as SUCCESS. dag_id=bluepi_dag, task_id=query_users_data, execution_date=20210708T111536, start_date=20210708T111538, end_date=20210708T111540
[2021-07-08 11:15:40,506] {taskinstance.py:1265} INFO - 1 downstream tasks scheduled from follow-on schedule check
[2021-07-08 11:15:40,546] {local_task_job.py:151} INFO - Task exited with return code 0
