[2021-07-08 16:54:52,451] {taskinstance.py:896} INFO - Dependencies all met for <TaskInstance: bluepi_dag.query_users_data 2021-07-08T16:54:50.676589+00:00 [queued]>
[2021-07-08 16:54:52,466] {taskinstance.py:896} INFO - Dependencies all met for <TaskInstance: bluepi_dag.query_users_data 2021-07-08T16:54:50.676589+00:00 [queued]>
[2021-07-08 16:54:52,466] {taskinstance.py:1087} INFO - 
--------------------------------------------------------------------------------
[2021-07-08 16:54:52,467] {taskinstance.py:1088} INFO - Starting attempt 1 of 1
[2021-07-08 16:54:52,467] {taskinstance.py:1089} INFO - 
--------------------------------------------------------------------------------
[2021-07-08 16:54:52,492] {taskinstance.py:1107} INFO - Executing <Task(PostgresOperator): query_users_data> on 2021-07-08T16:54:50.676589+00:00
[2021-07-08 16:54:52,498] {standard_task_runner.py:52} INFO - Started process 2075 to run task
[2021-07-08 16:54:52,504] {standard_task_runner.py:76} INFO - Running: ['***', 'tasks', 'run', 'bluepi_dag', 'query_users_data', '2021-07-08T16:54:50.676589+00:00', '--job-id', '184', '--pool', 'default_pool', '--raw', '--subdir', 'DAGS_FOLDER/bluepi_dag.py', '--cfg-path', '/tmp/tmpahbclmid', '--error-file', '/tmp/tmpdt9kp9rg']
[2021-07-08 16:54:52,511] {standard_task_runner.py:77} INFO - Job 184: Subtask query_users_data
[2021-07-08 16:54:52,564] {logging_mixin.py:104} INFO - Running <TaskInstance: bluepi_dag.query_users_data 2021-07-08T16:54:50.676589+00:00 [running]> on host 3cf0296804bd
[2021-07-08 16:54:52,630] {taskinstance.py:1302} INFO - Exporting the following env vars:
AIRFLOW_CTX_DAG_OWNER=natchanon
AIRFLOW_CTX_DAG_ID=bluepi_dag
AIRFLOW_CTX_TASK_ID=query_users_data
AIRFLOW_CTX_EXECUTION_DATE=2021-07-08T16:54:50.676589+00:00
AIRFLOW_CTX_DAG_RUN_ID=manual__2021-07-08T16:54:50.676589+00:00
[2021-07-08 16:54:52,632] {postgres.py:68} INFO - Executing: 
            SELECT * FROM users;
        
[2021-07-08 16:54:52,649] {base.py:78} INFO - Using connection to: id: my_postgres_conn. Host: 35.247.174.171, Port: 5432, Schema: postgres, Login: exam, Password: ***, extra: {}
[2021-07-08 16:54:53,797] {dbapi.py:204} INFO - Running statement: 
            SELECT * FROM users;
        , parameters: None
[2021-07-08 16:54:54,175] {dbapi.py:212} INFO - Rows affected: 2
[2021-07-08 16:54:54,375] {taskinstance.py:1211} INFO - Marking task as SUCCESS. dag_id=bluepi_dag, task_id=query_users_data, execution_date=20210708T165450, start_date=20210708T165452, end_date=20210708T165454
[2021-07-08 16:54:54,408] {taskinstance.py:1265} INFO - 0 downstream tasks scheduled from follow-on schedule check
[2021-07-08 16:54:54,443] {local_task_job.py:151} INFO - Task exited with return code 0
