[2021-07-08 11:45:29,881] {taskinstance.py:896} INFO - Dependencies all met for <TaskInstance: bluepi_dag.query_users_data 2021-07-08T11:45:28.025756+00:00 [queued]>
[2021-07-08 11:45:29,908] {taskinstance.py:896} INFO - Dependencies all met for <TaskInstance: bluepi_dag.query_users_data 2021-07-08T11:45:28.025756+00:00 [queued]>
[2021-07-08 11:45:29,910] {taskinstance.py:1087} INFO - 
--------------------------------------------------------------------------------
[2021-07-08 11:45:29,910] {taskinstance.py:1088} INFO - Starting attempt 1 of 1
[2021-07-08 11:45:29,911] {taskinstance.py:1089} INFO - 
--------------------------------------------------------------------------------
[2021-07-08 11:45:29,923] {taskinstance.py:1107} INFO - Executing <Task(PostgresOperator): query_users_data> on 2021-07-08T11:45:28.025756+00:00
[2021-07-08 11:45:29,930] {standard_task_runner.py:52} INFO - Started process 11982 to run task
[2021-07-08 11:45:29,948] {standard_task_runner.py:76} INFO - Running: ['***', 'tasks', 'run', 'bluepi_dag', 'query_users_data', '2021-07-08T11:45:28.025756+00:00', '--job-id', '53', '--pool', 'default_pool', '--raw', '--subdir', 'DAGS_FOLDER/bluepi_dag.py', '--cfg-path', '/tmp/tmp71hrp_58', '--error-file', '/tmp/tmpl_j5u2oa']
[2021-07-08 11:45:29,953] {standard_task_runner.py:77} INFO - Job 53: Subtask query_users_data
[2021-07-08 11:45:30,025] {logging_mixin.py:104} INFO - Running <TaskInstance: bluepi_dag.query_users_data 2021-07-08T11:45:28.025756+00:00 [running]> on host 3cf0296804bd
[2021-07-08 11:45:30,139] {taskinstance.py:1302} INFO - Exporting the following env vars:
AIRFLOW_CTX_DAG_OWNER=natchanon
AIRFLOW_CTX_DAG_ID=bluepi_dag
AIRFLOW_CTX_TASK_ID=query_users_data
AIRFLOW_CTX_EXECUTION_DATE=2021-07-08T11:45:28.025756+00:00
AIRFLOW_CTX_DAG_RUN_ID=manual__2021-07-08T11:45:28.025756+00:00
[2021-07-08 11:45:30,142] {postgres.py:68} INFO - Executing: 
            SELECT * FROM users;
        
[2021-07-08 11:45:30,159] {base.py:78} INFO - Using connection to: id: my_postgres_conn. Host: 35.247.174.171, Port: 5432, Schema: postgres, Login: exam, Password: ***, extra: {}
[2021-07-08 11:45:31,293] {dbapi.py:204} INFO - Running statement: 
            SELECT * FROM users;
        , parameters: None
[2021-07-08 11:45:31,669] {dbapi.py:212} INFO - Rows affected: 2
[2021-07-08 11:45:31,869] {taskinstance.py:1211} INFO - Marking task as SUCCESS. dag_id=bluepi_dag, task_id=query_users_data, execution_date=20210708T114528, start_date=20210708T114529, end_date=20210708T114531
[2021-07-08 11:45:31,903] {taskinstance.py:1265} INFO - 1 downstream tasks scheduled from follow-on schedule check
[2021-07-08 11:45:31,939] {local_task_job.py:151} INFO - Task exited with return code 0
