[2021-07-08 13:22:25,624] {taskinstance.py:896} INFO - Dependencies all met for <TaskInstance: bluepi_dag.query_user_log_data 2021-07-08T13:22:23.348968+00:00 [queued]>
[2021-07-08 13:22:25,645] {taskinstance.py:896} INFO - Dependencies all met for <TaskInstance: bluepi_dag.query_user_log_data 2021-07-08T13:22:23.348968+00:00 [queued]>
[2021-07-08 13:22:25,645] {taskinstance.py:1087} INFO - 
--------------------------------------------------------------------------------
[2021-07-08 13:22:25,645] {taskinstance.py:1088} INFO - Starting attempt 1 of 1
[2021-07-08 13:22:25,645] {taskinstance.py:1089} INFO - 
--------------------------------------------------------------------------------
[2021-07-08 13:22:25,658] {taskinstance.py:1107} INFO - Executing <Task(PostgresOperator): query_user_log_data> on 2021-07-08T13:22:23.348968+00:00
[2021-07-08 13:22:25,665] {standard_task_runner.py:52} INFO - Started process 18401 to run task
[2021-07-08 13:22:25,670] {standard_task_runner.py:76} INFO - Running: ['***', 'tasks', 'run', 'bluepi_dag', 'query_user_log_data', '2021-07-08T13:22:23.348968+00:00', '--job-id', '115', '--pool', 'default_pool', '--raw', '--subdir', 'DAGS_FOLDER/bluepi_dag.py', '--cfg-path', '/tmp/tmpwxjxiltz', '--error-file', '/tmp/tmpbflgs242']
[2021-07-08 13:22:25,679] {standard_task_runner.py:77} INFO - Job 115: Subtask query_user_log_data
[2021-07-08 13:22:25,730] {logging_mixin.py:104} INFO - Running <TaskInstance: bluepi_dag.query_user_log_data 2021-07-08T13:22:23.348968+00:00 [running]> on host 3cf0296804bd
[2021-07-08 13:22:25,788] {taskinstance.py:1302} INFO - Exporting the following env vars:
AIRFLOW_CTX_DAG_OWNER=natchanon
AIRFLOW_CTX_DAG_ID=bluepi_dag
AIRFLOW_CTX_TASK_ID=query_user_log_data
AIRFLOW_CTX_EXECUTION_DATE=2021-07-08T13:22:23.348968+00:00
AIRFLOW_CTX_DAG_RUN_ID=manual__2021-07-08T13:22:23.348968+00:00
[2021-07-08 13:22:25,789] {postgres.py:68} INFO - Executing: 
            SELECT * FROM user_log;
        
[2021-07-08 13:22:25,799] {base.py:78} INFO - Using connection to: id: my_postgres_conn. Host: 35.247.174.171, Port: 5432, Schema: postgres, Login: exam, Password: ***, extra: {}
[2021-07-08 13:22:26,965] {dbapi.py:204} INFO - Running statement: 
            SELECT * FROM user_log;
        , parameters: None
[2021-07-08 13:22:27,351] {dbapi.py:212} INFO - Rows affected: 7
[2021-07-08 13:22:27,563] {taskinstance.py:1211} INFO - Marking task as SUCCESS. dag_id=bluepi_dag, task_id=query_user_log_data, execution_date=20210708T132223, start_date=20210708T132225, end_date=20210708T132227
[2021-07-08 13:22:27,605] {taskinstance.py:1265} INFO - 1 downstream tasks scheduled from follow-on schedule check
[2021-07-08 13:22:27,649] {local_task_job.py:151} INFO - Task exited with return code 0
