[2021-07-08 13:25:19,588] {taskinstance.py:896} INFO - Dependencies all met for <TaskInstance: bluepi_dag.dump_user_log 2021-07-08T13:25:11.159993+00:00 [queued]>
[2021-07-08 13:25:19,641] {taskinstance.py:896} INFO - Dependencies all met for <TaskInstance: bluepi_dag.dump_user_log 2021-07-08T13:25:11.159993+00:00 [queued]>
[2021-07-08 13:25:19,642] {taskinstance.py:1087} INFO - 
--------------------------------------------------------------------------------
[2021-07-08 13:25:19,643] {taskinstance.py:1088} INFO - Starting attempt 1 of 1
[2021-07-08 13:25:19,644] {taskinstance.py:1089} INFO - 
--------------------------------------------------------------------------------
[2021-07-08 13:25:19,663] {taskinstance.py:1107} INFO - Executing <Task(PythonOperator): dump_user_log> on 2021-07-08T13:25:11.159993+00:00
[2021-07-08 13:25:19,678] {standard_task_runner.py:52} INFO - Started process 18652 to run task
[2021-07-08 13:25:19,686] {standard_task_runner.py:76} INFO - Running: ['***', 'tasks', 'run', 'bluepi_dag', 'dump_user_log', '2021-07-08T13:25:11.159993+00:00', '--job-id', '137', '--pool', 'default_pool', '--raw', '--subdir', 'DAGS_FOLDER/bluepi_dag.py', '--cfg-path', '/tmp/tmp2n4f3b06', '--error-file', '/tmp/tmpwdqoash9']
[2021-07-08 13:25:19,717] {standard_task_runner.py:77} INFO - Job 137: Subtask dump_user_log
[2021-07-08 13:25:19,812] {logging_mixin.py:104} INFO - Running <TaskInstance: bluepi_dag.dump_user_log 2021-07-08T13:25:11.159993+00:00 [running]> on host 3cf0296804bd
[2021-07-08 13:25:19,898] {taskinstance.py:1302} INFO - Exporting the following env vars:
AIRFLOW_CTX_DAG_OWNER=natchanon
AIRFLOW_CTX_DAG_ID=bluepi_dag
AIRFLOW_CTX_TASK_ID=dump_user_log
AIRFLOW_CTX_EXECUTION_DATE=2021-07-08T13:25:11.159993+00:00
AIRFLOW_CTX_DAG_RUN_ID=manual__2021-07-08T13:25:11.159993+00:00
[2021-07-08 13:25:19,914] {base.py:78} INFO - Using connection to: id: my_postgres_conn. Host: 35.247.174.171, Port: 5432, Schema: postgres, Login: exam, Password: ***, extra: {}
[2021-07-08 13:25:21,601] {python.py:151} INFO - Done. Returned value was: None
[2021-07-08 13:25:21,617] {taskinstance.py:1211} INFO - Marking task as SUCCESS. dag_id=bluepi_dag, task_id=dump_user_log, execution_date=20210708T132511, start_date=20210708T132519, end_date=20210708T132521
[2021-07-08 13:25:21,668] {taskinstance.py:1265} INFO - 1 downstream tasks scheduled from follow-on schedule check
[2021-07-08 13:25:21,716] {local_task_job.py:151} INFO - Task exited with return code 0
