[2021-07-08 11:06:44,561] {taskinstance.py:896} INFO - Dependencies all met for <TaskInstance: bluepi_dag.hook_users_data 2021-07-08T11:06:38.164795+00:00 [queued]>
[2021-07-08 11:06:44,588] {taskinstance.py:896} INFO - Dependencies all met for <TaskInstance: bluepi_dag.hook_users_data 2021-07-08T11:06:38.164795+00:00 [queued]>
[2021-07-08 11:06:44,589] {taskinstance.py:1087} INFO - 
--------------------------------------------------------------------------------
[2021-07-08 11:06:44,589] {taskinstance.py:1088} INFO - Starting attempt 1 of 1
[2021-07-08 11:06:44,589] {taskinstance.py:1089} INFO - 
--------------------------------------------------------------------------------
[2021-07-08 11:06:44,601] {taskinstance.py:1107} INFO - Executing <Task(PythonOperator): hook_users_data> on 2021-07-08T11:06:38.164795+00:00
[2021-07-08 11:06:44,607] {standard_task_runner.py:52} INFO - Started process 9376 to run task
[2021-07-08 11:06:44,613] {standard_task_runner.py:76} INFO - Running: ['***', 'tasks', 'run', 'bluepi_dag', 'hook_users_data', '2021-07-08T11:06:38.164795+00:00', '--job-id', '15', '--pool', 'default_pool', '--raw', '--subdir', 'DAGS_FOLDER/bluepi_dag.py', '--cfg-path', '/tmp/tmpmdb7uswc', '--error-file', '/tmp/tmpyoykjb0s']
[2021-07-08 11:06:44,619] {standard_task_runner.py:77} INFO - Job 15: Subtask hook_users_data
[2021-07-08 11:06:44,693] {logging_mixin.py:104} INFO - Running <TaskInstance: bluepi_dag.hook_users_data 2021-07-08T11:06:38.164795+00:00 [running]> on host 3cf0296804bd
[2021-07-08 11:06:44,776] {taskinstance.py:1302} INFO - Exporting the following env vars:
AIRFLOW_CTX_DAG_OWNER=natchanon
AIRFLOW_CTX_DAG_ID=bluepi_dag
AIRFLOW_CTX_TASK_ID=hook_users_data
AIRFLOW_CTX_EXECUTION_DATE=2021-07-08T11:06:38.164795+00:00
AIRFLOW_CTX_DAG_RUN_ID=manual__2021-07-08T11:06:38.164795+00:00
[2021-07-08 11:06:44,792] {base.py:78} INFO - Using connection to: id: my_postgres_conn. Host: 35.247.174.171, Port: 5432, Schema: postgres, Login: exam, Password: ***, extra: {}
[2021-07-08 11:06:46,453] {logging_mixin.py:104} INFO - (datetime.datetime(2020, 2, 16, 18, 33, 57, 796067, tzinfo=datetime.timezone.utc), datetime.datetime(2020, 2, 16, 18, 33, 57, 796067, tzinfo=datetime.timezone.utc), '55514cf0-3026-404f-8ea3-f41b00bdf6b5', 'John', 'Henry')
[2021-07-08 11:06:46,454] {logging_mixin.py:104} INFO - (datetime.datetime(2020, 2, 16, 18, 33, 57, 796067, tzinfo=datetime.timezone.utc), datetime.datetime(2020, 2, 16, 18, 33, 57, 796067, tzinfo=datetime.timezone.utc), 'd0e73a35-ff6a-4f64-89b4-ed2b813782a3', 'สมบูรณ์', 'รุ้งแก้ว')
[2021-07-08 11:06:46,456] {python.py:151} INFO - Done. Returned value was: None
[2021-07-08 11:06:46,471] {taskinstance.py:1211} INFO - Marking task as SUCCESS. dag_id=bluepi_dag, task_id=hook_users_data, execution_date=20210708T110638, start_date=20210708T110644, end_date=20210708T110646
[2021-07-08 11:06:46,515] {taskinstance.py:1265} INFO - 1 downstream tasks scheduled from follow-on schedule check
[2021-07-08 11:06:46,559] {local_task_job.py:151} INFO - Task exited with return code 0
