[2021-07-08 12:09:17,352] {taskinstance.py:896} INFO - Dependencies all met for <TaskInstance: bluepi_dag.query_users_data 2021-07-08T12:09:15.126213+00:00 [queued]>
[2021-07-08 12:09:17,378] {taskinstance.py:896} INFO - Dependencies all met for <TaskInstance: bluepi_dag.query_users_data 2021-07-08T12:09:15.126213+00:00 [queued]>
[2021-07-08 12:09:17,380] {taskinstance.py:1087} INFO - 
--------------------------------------------------------------------------------
[2021-07-08 12:09:17,381] {taskinstance.py:1088} INFO - Starting attempt 1 of 1
[2021-07-08 12:09:17,381] {taskinstance.py:1089} INFO - 
--------------------------------------------------------------------------------
[2021-07-08 12:09:17,394] {taskinstance.py:1107} INFO - Executing <Task(PostgresOperator): query_users_data> on 2021-07-08T12:09:15.126213+00:00
[2021-07-08 12:09:17,399] {standard_task_runner.py:52} INFO - Started process 13582 to run task
[2021-07-08 12:09:17,410] {standard_task_runner.py:76} INFO - Running: ['***', 'tasks', 'run', 'bluepi_dag', 'query_users_data', '2021-07-08T12:09:15.126213+00:00', '--job-id', '75', '--pool', 'default_pool', '--raw', '--subdir', 'DAGS_FOLDER/bluepi_dag.py', '--cfg-path', '/tmp/tmpxs61gjbd', '--error-file', '/tmp/tmpueu6xyz2']
[2021-07-08 12:09:17,414] {standard_task_runner.py:77} INFO - Job 75: Subtask query_users_data
[2021-07-08 12:09:17,484] {logging_mixin.py:104} INFO - Running <TaskInstance: bluepi_dag.query_users_data 2021-07-08T12:09:15.126213+00:00 [running]> on host 3cf0296804bd
[2021-07-08 12:09:17,557] {taskinstance.py:1302} INFO - Exporting the following env vars:
AIRFLOW_CTX_DAG_OWNER=natchanon
AIRFLOW_CTX_DAG_ID=bluepi_dag
AIRFLOW_CTX_TASK_ID=query_users_data
AIRFLOW_CTX_EXECUTION_DATE=2021-07-08T12:09:15.126213+00:00
AIRFLOW_CTX_DAG_RUN_ID=manual__2021-07-08T12:09:15.126213+00:00
[2021-07-08 12:09:17,559] {postgres.py:68} INFO - Executing: 
            SELECT * FROM users;
        
[2021-07-08 12:09:17,576] {base.py:78} INFO - Using connection to: id: my_postgres_conn. Host: 35.247.174.171, Port: 5432, Schema: postgres, Login: exam, Password: ***, extra: {}
[2021-07-08 12:09:18,769] {dbapi.py:204} INFO - Running statement: 
            SELECT * FROM users;
        , parameters: None
[2021-07-08 12:09:19,165] {dbapi.py:212} INFO - Rows affected: 2
[2021-07-08 12:09:19,379] {taskinstance.py:1211} INFO - Marking task as SUCCESS. dag_id=bluepi_dag, task_id=query_users_data, execution_date=20210708T120915, start_date=20210708T120917, end_date=20210708T120919
[2021-07-08 12:09:19,422] {taskinstance.py:1265} INFO - 1 downstream tasks scheduled from follow-on schedule check
[2021-07-08 12:09:19,473] {local_task_job.py:151} INFO - Task exited with return code 0
