[2021-07-08 13:23:49,735] {taskinstance.py:896} INFO - Dependencies all met for <TaskInstance: bluepi_dag.users_to_csv 2021-07-08T13:23:37.351131+00:00 [queued]>
[2021-07-08 13:23:49,758] {taskinstance.py:896} INFO - Dependencies all met for <TaskInstance: bluepi_dag.users_to_csv 2021-07-08T13:23:37.351131+00:00 [queued]>
[2021-07-08 13:23:49,758] {taskinstance.py:1087} INFO - 
--------------------------------------------------------------------------------
[2021-07-08 13:23:49,759] {taskinstance.py:1088} INFO - Starting attempt 1 of 1
[2021-07-08 13:23:49,760] {taskinstance.py:1089} INFO - 
--------------------------------------------------------------------------------
[2021-07-08 13:23:49,774] {taskinstance.py:1107} INFO - Executing <Task(PythonOperator): users_to_csv> on 2021-07-08T13:23:37.351131+00:00
[2021-07-08 13:23:49,781] {standard_task_runner.py:52} INFO - Started process 18535 to run task
[2021-07-08 13:23:49,788] {standard_task_runner.py:76} INFO - Running: ['***', 'tasks', 'run', 'bluepi_dag', 'users_to_csv', '2021-07-08T13:23:37.351131+00:00', '--job-id', '130', '--pool', 'default_pool', '--raw', '--subdir', 'DAGS_FOLDER/bluepi_dag.py', '--cfg-path', '/tmp/tmps110oen9', '--error-file', '/tmp/tmp1riih7pc']
[2021-07-08 13:23:49,796] {standard_task_runner.py:77} INFO - Job 130: Subtask users_to_csv
[2021-07-08 13:23:49,866] {logging_mixin.py:104} INFO - Running <TaskInstance: bluepi_dag.users_to_csv 2021-07-08T13:23:37.351131+00:00 [running]> on host 3cf0296804bd
[2021-07-08 13:23:50,053] {taskinstance.py:1302} INFO - Exporting the following env vars:
AIRFLOW_CTX_DAG_OWNER=natchanon
AIRFLOW_CTX_DAG_ID=bluepi_dag
AIRFLOW_CTX_TASK_ID=users_to_csv
AIRFLOW_CTX_EXECUTION_DATE=2021-07-08T13:23:37.351131+00:00
AIRFLOW_CTX_DAG_RUN_ID=manual__2021-07-08T13:23:37.351131+00:00
[2021-07-08 13:23:50,096] {python.py:151} INFO - Done. Returned value was: None
[2021-07-08 13:23:50,112] {taskinstance.py:1211} INFO - Marking task as SUCCESS. dag_id=bluepi_dag, task_id=users_to_csv, execution_date=20210708T132337, start_date=20210708T132349, end_date=20210708T132350
[2021-07-08 13:23:50,163] {taskinstance.py:1265} INFO - 0 downstream tasks scheduled from follow-on schedule check
[2021-07-08 13:23:50,210] {local_task_job.py:151} INFO - Task exited with return code 0
