[2021-07-09 06:06:16,569] {taskinstance.py:896} INFO - Dependencies all met for <TaskInstance: bluepi_dag.Transformation.read_user_log 2021-07-09T05:00:00+00:00 [queued]>
[2021-07-09 06:06:16,582] {taskinstance.py:896} INFO - Dependencies all met for <TaskInstance: bluepi_dag.Transformation.read_user_log 2021-07-09T05:00:00+00:00 [queued]>
[2021-07-09 06:06:16,583] {taskinstance.py:1087} INFO - 
--------------------------------------------------------------------------------
[2021-07-09 06:06:16,583] {taskinstance.py:1088} INFO - Starting attempt 1 of 1
[2021-07-09 06:06:16,584] {taskinstance.py:1089} INFO - 
--------------------------------------------------------------------------------
[2021-07-09 06:06:16,606] {taskinstance.py:1107} INFO - Executing <Task(GCSToLocalFilesystemOperator): Transformation.read_user_log> on 2021-07-09T05:00:00+00:00
[2021-07-09 06:06:16,613] {standard_task_runner.py:52} INFO - Started process 14972 to run task
[2021-07-09 06:06:16,620] {standard_task_runner.py:76} INFO - Running: ['***', 'tasks', 'run', 'bluepi_dag', 'Transformation.read_user_log', '2021-07-09T05:00:00+00:00', '--job-id', '344', '--pool', 'default_pool', '--raw', '--subdir', 'DAGS_FOLDER/bluepi_dag.py', '--cfg-path', '/tmp/tmpwoypk7l2', '--error-file', '/tmp/tmpzo4qkeoa']
[2021-07-09 06:06:16,628] {standard_task_runner.py:77} INFO - Job 344: Subtask Transformation.read_user_log
[2021-07-09 06:06:16,729] {logging_mixin.py:104} INFO - Running <TaskInstance: bluepi_dag.Transformation.read_user_log 2021-07-09T05:00:00+00:00 [running]> on host 3cf0296804bd
[2021-07-09 06:06:16,864] {taskinstance.py:1302} INFO - Exporting the following env vars:
AIRFLOW_CTX_DAG_OWNER=natchanon
AIRFLOW_CTX_DAG_ID=bluepi_dag
AIRFLOW_CTX_TASK_ID=Transformation.read_user_log
AIRFLOW_CTX_EXECUTION_DATE=2021-07-09T05:00:00+00:00
AIRFLOW_CTX_DAG_RUN_ID=scheduled__2021-07-09T05:00:00+00:00
[2021-07-09 06:06:16,866] {gcs_to_local.py:127} INFO - Executing download: bluepi-landing-bucket, raw_data/user_log, /opt/***/dags/user_log
[2021-07-09 06:06:17,029] {gcs.py:310} INFO - File downloaded to /opt/***/dags/user_log
[2021-07-09 06:06:17,072] {taskinstance.py:1211} INFO - Marking task as SUCCESS. dag_id=bluepi_dag, task_id=Transformation.read_user_log, execution_date=20210709T050000, start_date=20210709T060616, end_date=20210709T060617
[2021-07-09 06:06:17,116] {taskinstance.py:1265} INFO - 1 downstream tasks scheduled from follow-on schedule check
[2021-07-09 06:06:17,154] {local_task_job.py:151} INFO - Task exited with return code 0
