[2021-07-08 13:30:33,615] {taskinstance.py:896} INFO - Dependencies all met for <TaskInstance: bluepi_dag.dump_users 2021-07-08T13:30:23.459508+00:00 [queued]>
[2021-07-08 13:30:33,639] {taskinstance.py:896} INFO - Dependencies all met for <TaskInstance: bluepi_dag.dump_users 2021-07-08T13:30:23.459508+00:00 [queued]>
[2021-07-08 13:30:33,639] {taskinstance.py:1087} INFO - 
--------------------------------------------------------------------------------
[2021-07-08 13:30:33,640] {taskinstance.py:1088} INFO - Starting attempt 1 of 1
[2021-07-08 13:30:33,640] {taskinstance.py:1089} INFO - 
--------------------------------------------------------------------------------
[2021-07-08 13:30:33,651] {taskinstance.py:1107} INFO - Executing <Task(PythonOperator): dump_users> on 2021-07-08T13:30:23.459508+00:00
[2021-07-08 13:30:33,658] {standard_task_runner.py:52} INFO - Started process 19040 to run task
[2021-07-08 13:30:33,666] {standard_task_runner.py:76} INFO - Running: ['***', 'tasks', 'run', 'bluepi_dag', 'dump_users', '2021-07-08T13:30:23.459508+00:00', '--job-id', '156', '--pool', 'default_pool', '--raw', '--subdir', 'DAGS_FOLDER/bluepi_dag.py', '--cfg-path', '/tmp/tmpepw2ubhf', '--error-file', '/tmp/tmpyaqgeew5']
[2021-07-08 13:30:33,675] {standard_task_runner.py:77} INFO - Job 156: Subtask dump_users
[2021-07-08 13:30:33,737] {logging_mixin.py:104} INFO - Running <TaskInstance: bluepi_dag.dump_users 2021-07-08T13:30:23.459508+00:00 [running]> on host 3cf0296804bd
[2021-07-08 13:30:33,801] {taskinstance.py:1302} INFO - Exporting the following env vars:
AIRFLOW_CTX_DAG_OWNER=natchanon
AIRFLOW_CTX_DAG_ID=bluepi_dag
AIRFLOW_CTX_TASK_ID=dump_users
AIRFLOW_CTX_EXECUTION_DATE=2021-07-08T13:30:23.459508+00:00
AIRFLOW_CTX_DAG_RUN_ID=manual__2021-07-08T13:30:23.459508+00:00
[2021-07-08 13:30:33,816] {base.py:78} INFO - Using connection to: id: my_postgres_conn. Host: 35.247.174.171, Port: 5432, Schema: postgres, Login: exam, Password: ***, extra: {}
[2021-07-08 13:30:35,537] {python.py:151} INFO - Done. Returned value was: None
[2021-07-08 13:30:35,547] {taskinstance.py:1211} INFO - Marking task as SUCCESS. dag_id=bluepi_dag, task_id=dump_users, execution_date=20210708T133023, start_date=20210708T133033, end_date=20210708T133035
[2021-07-08 13:30:35,578] {taskinstance.py:1265} INFO - 1 downstream tasks scheduled from follow-on schedule check
[2021-07-08 13:30:35,604] {local_task_job.py:151} INFO - Task exited with return code 0
