[2021-07-08 11:45:30,082] {taskinstance.py:896} INFO - Dependencies all met for <TaskInstance: bluepi_dag.query_user_log_data 2021-07-08T11:45:28.025756+00:00 [queued]>
[2021-07-08 11:45:30,114] {taskinstance.py:896} INFO - Dependencies all met for <TaskInstance: bluepi_dag.query_user_log_data 2021-07-08T11:45:28.025756+00:00 [queued]>
[2021-07-08 11:45:30,115] {taskinstance.py:1087} INFO - 
--------------------------------------------------------------------------------
[2021-07-08 11:45:30,116] {taskinstance.py:1088} INFO - Starting attempt 1 of 1
[2021-07-08 11:45:30,117] {taskinstance.py:1089} INFO - 
--------------------------------------------------------------------------------
[2021-07-08 11:45:30,152] {taskinstance.py:1107} INFO - Executing <Task(PostgresOperator): query_user_log_data> on 2021-07-08T11:45:28.025756+00:00
[2021-07-08 11:45:30,172] {standard_task_runner.py:76} INFO - Running: ['***', 'tasks', 'run', 'bluepi_dag', 'query_user_log_data', '2021-07-08T11:45:28.025756+00:00', '--job-id', '54', '--pool', 'default_pool', '--raw', '--subdir', 'DAGS_FOLDER/bluepi_dag.py', '--cfg-path', '/tmp/tmpbghy0gh0', '--error-file', '/tmp/tmpudffr1_v']
[2021-07-08 11:45:30,180] {standard_task_runner.py:77} INFO - Job 54: Subtask query_user_log_data
[2021-07-08 11:45:30,165] {standard_task_runner.py:52} INFO - Started process 11983 to run task
[2021-07-08 11:45:30,243] {logging_mixin.py:104} INFO - Running <TaskInstance: bluepi_dag.query_user_log_data 2021-07-08T11:45:28.025756+00:00 [running]> on host 3cf0296804bd
[2021-07-08 11:45:30,320] {taskinstance.py:1302} INFO - Exporting the following env vars:
AIRFLOW_CTX_DAG_OWNER=natchanon
AIRFLOW_CTX_DAG_ID=bluepi_dag
AIRFLOW_CTX_TASK_ID=query_user_log_data
AIRFLOW_CTX_EXECUTION_DATE=2021-07-08T11:45:28.025756+00:00
AIRFLOW_CTX_DAG_RUN_ID=manual__2021-07-08T11:45:28.025756+00:00
[2021-07-08 11:45:30,323] {postgres.py:68} INFO - Executing: 
            SELECT * FROM user_log;
        
[2021-07-08 11:45:30,350] {base.py:78} INFO - Using connection to: id: my_postgres_conn. Host: 35.247.174.171, Port: 5432, Schema: postgres, Login: exam, Password: ***, extra: {}
[2021-07-08 11:45:31,510] {dbapi.py:204} INFO - Running statement: 
            SELECT * FROM user_log;
        , parameters: None
[2021-07-08 11:45:31,892] {dbapi.py:212} INFO - Rows affected: 7
[2021-07-08 11:45:32,099] {taskinstance.py:1211} INFO - Marking task as SUCCESS. dag_id=bluepi_dag, task_id=query_user_log_data, execution_date=20210708T114528, start_date=20210708T114530, end_date=20210708T114532
[2021-07-08 11:45:32,132] {taskinstance.py:1265} INFO - 1 downstream tasks scheduled from follow-on schedule check
[2021-07-08 11:45:32,141] {local_task_job.py:151} INFO - Task exited with return code 0
