[2021-07-08 13:23:46,580] {taskinstance.py:896} INFO - Dependencies all met for <TaskInstance: bluepi_dag.dump_users 2021-07-08T13:23:37.351131+00:00 [queued]>
[2021-07-08 13:23:46,610] {taskinstance.py:896} INFO - Dependencies all met for <TaskInstance: bluepi_dag.dump_users 2021-07-08T13:23:37.351131+00:00 [queued]>
[2021-07-08 13:23:46,611] {taskinstance.py:1087} INFO - 
--------------------------------------------------------------------------------
[2021-07-08 13:23:46,612] {taskinstance.py:1088} INFO - Starting attempt 1 of 1
[2021-07-08 13:23:46,612] {taskinstance.py:1089} INFO - 
--------------------------------------------------------------------------------
[2021-07-08 13:23:46,626] {taskinstance.py:1107} INFO - Executing <Task(PythonOperator): dump_users> on 2021-07-08T13:23:37.351131+00:00
[2021-07-08 13:23:46,632] {standard_task_runner.py:52} INFO - Started process 18520 to run task
[2021-07-08 13:23:46,638] {standard_task_runner.py:76} INFO - Running: ['***', 'tasks', 'run', 'bluepi_dag', 'dump_users', '2021-07-08T13:23:37.351131+00:00', '--job-id', '128', '--pool', 'default_pool', '--raw', '--subdir', 'DAGS_FOLDER/bluepi_dag.py', '--cfg-path', '/tmp/tmpqnvqdmuy', '--error-file', '/tmp/tmpndd6gk34']
[2021-07-08 13:23:46,644] {standard_task_runner.py:77} INFO - Job 128: Subtask dump_users
[2021-07-08 13:23:46,699] {logging_mixin.py:104} INFO - Running <TaskInstance: bluepi_dag.dump_users 2021-07-08T13:23:37.351131+00:00 [running]> on host 3cf0296804bd
[2021-07-08 13:23:46,761] {taskinstance.py:1302} INFO - Exporting the following env vars:
AIRFLOW_CTX_DAG_OWNER=natchanon
AIRFLOW_CTX_DAG_ID=bluepi_dag
AIRFLOW_CTX_TASK_ID=dump_users
AIRFLOW_CTX_EXECUTION_DATE=2021-07-08T13:23:37.351131+00:00
AIRFLOW_CTX_DAG_RUN_ID=manual__2021-07-08T13:23:37.351131+00:00
[2021-07-08 13:23:46,774] {base.py:78} INFO - Using connection to: id: my_postgres_conn. Host: 35.247.174.171, Port: 5432, Schema: postgres, Login: exam, Password: ***, extra: {}
[2021-07-08 13:23:48,531] {python.py:151} INFO - Done. Returned value was: None
[2021-07-08 13:23:48,543] {taskinstance.py:1211} INFO - Marking task as SUCCESS. dag_id=bluepi_dag, task_id=dump_users, execution_date=20210708T132337, start_date=20210708T132346, end_date=20210708T132348
[2021-07-08 13:23:48,577] {taskinstance.py:1265} INFO - 1 downstream tasks scheduled from follow-on schedule check
[2021-07-08 13:23:48,616] {local_task_job.py:151} INFO - Task exited with return code 0
