[2021-07-08 13:30:37,001] {taskinstance.py:896} INFO - Dependencies all met for <TaskInstance: bluepi_dag.user_log_to_csv 2021-07-08T13:30:23.459508+00:00 [queued]>
[2021-07-08 13:30:37,023] {taskinstance.py:896} INFO - Dependencies all met for <TaskInstance: bluepi_dag.user_log_to_csv 2021-07-08T13:30:23.459508+00:00 [queued]>
[2021-07-08 13:30:37,024] {taskinstance.py:1087} INFO - 
--------------------------------------------------------------------------------
[2021-07-08 13:30:37,025] {taskinstance.py:1088} INFO - Starting attempt 1 of 1
[2021-07-08 13:30:37,025] {taskinstance.py:1089} INFO - 
--------------------------------------------------------------------------------
[2021-07-08 13:30:37,034] {taskinstance.py:1107} INFO - Executing <Task(PythonOperator): user_log_to_csv> on 2021-07-08T13:30:23.459508+00:00
[2021-07-08 13:30:37,039] {standard_task_runner.py:52} INFO - Started process 19045 to run task
[2021-07-08 13:30:37,046] {standard_task_runner.py:76} INFO - Running: ['***', 'tasks', 'run', 'bluepi_dag', 'user_log_to_csv', '2021-07-08T13:30:23.459508+00:00', '--job-id', '157', '--pool', 'default_pool', '--raw', '--subdir', 'DAGS_FOLDER/bluepi_dag.py', '--cfg-path', '/tmp/tmps72wg_2t', '--error-file', '/tmp/tmp8shxr5xh']
[2021-07-08 13:30:37,052] {standard_task_runner.py:77} INFO - Job 157: Subtask user_log_to_csv
[2021-07-08 13:30:37,111] {logging_mixin.py:104} INFO - Running <TaskInstance: bluepi_dag.user_log_to_csv 2021-07-08T13:30:23.459508+00:00 [running]> on host 3cf0296804bd
[2021-07-08 13:30:37,176] {taskinstance.py:1302} INFO - Exporting the following env vars:
AIRFLOW_CTX_DAG_OWNER=natchanon
AIRFLOW_CTX_DAG_ID=bluepi_dag
AIRFLOW_CTX_TASK_ID=user_log_to_csv
AIRFLOW_CTX_EXECUTION_DATE=2021-07-08T13:30:23.459508+00:00
AIRFLOW_CTX_DAG_RUN_ID=manual__2021-07-08T13:30:23.459508+00:00
[2021-07-08 13:30:37,203] {python.py:151} INFO - Done. Returned value was: None
[2021-07-08 13:30:37,215] {taskinstance.py:1211} INFO - Marking task as SUCCESS. dag_id=bluepi_dag, task_id=user_log_to_csv, execution_date=20210708T133023, start_date=20210708T133037, end_date=20210708T133037
[2021-07-08 13:30:37,250] {taskinstance.py:1265} INFO - 1 downstream tasks scheduled from follow-on schedule check
[2021-07-08 13:30:37,297] {local_task_job.py:151} INFO - Task exited with return code 0
