[2021-07-08 16:31:44,253] {taskinstance.py:896} INFO - Dependencies all met for <TaskInstance: bluepi_dag.dump_users 2021-07-08T16:31:32.420815+00:00 [queued]>
[2021-07-08 16:31:44,264] {taskinstance.py:896} INFO - Dependencies all met for <TaskInstance: bluepi_dag.dump_users 2021-07-08T16:31:32.420815+00:00 [queued]>
[2021-07-08 16:31:44,264] {taskinstance.py:1087} INFO - 
--------------------------------------------------------------------------------
[2021-07-08 16:31:44,264] {taskinstance.py:1088} INFO - Starting attempt 1 of 1
[2021-07-08 16:31:44,265] {taskinstance.py:1089} INFO - 
--------------------------------------------------------------------------------
[2021-07-08 16:31:44,279] {taskinstance.py:1107} INFO - Executing <Task(PythonOperator): dump_users> on 2021-07-08T16:31:32.420815+00:00
[2021-07-08 16:31:44,284] {standard_task_runner.py:52} INFO - Started process 525 to run task
[2021-07-08 16:31:44,290] {standard_task_runner.py:76} INFO - Running: ['***', 'tasks', 'run', 'bluepi_dag', 'dump_users', '2021-07-08T16:31:32.420815+00:00', '--job-id', '165', '--pool', 'default_pool', '--raw', '--subdir', 'DAGS_FOLDER/bluepi_dag.py', '--cfg-path', '/tmp/tmp5qsilm7l', '--error-file', '/tmp/tmptqamexts']
[2021-07-08 16:31:44,296] {standard_task_runner.py:77} INFO - Job 165: Subtask dump_users
[2021-07-08 16:31:44,348] {logging_mixin.py:104} INFO - Running <TaskInstance: bluepi_dag.dump_users 2021-07-08T16:31:32.420815+00:00 [running]> on host 3cf0296804bd
[2021-07-08 16:31:44,411] {taskinstance.py:1302} INFO - Exporting the following env vars:
AIRFLOW_CTX_DAG_OWNER=natchanon
AIRFLOW_CTX_DAG_ID=bluepi_dag
AIRFLOW_CTX_TASK_ID=dump_users
AIRFLOW_CTX_EXECUTION_DATE=2021-07-08T16:31:32.420815+00:00
AIRFLOW_CTX_DAG_RUN_ID=manual__2021-07-08T16:31:32.420815+00:00
[2021-07-08 16:31:44,425] {base.py:78} INFO - Using connection to: id: my_postgres_conn. Host: 35.247.174.171, Port: 5432, Schema: postgres, Login: exam, Password: ***, extra: {}
[2021-07-08 16:31:46,198] {python.py:151} INFO - Done. Returned value was: None
[2021-07-08 16:31:46,214] {taskinstance.py:1211} INFO - Marking task as SUCCESS. dag_id=bluepi_dag, task_id=dump_users, execution_date=20210708T163132, start_date=20210708T163144, end_date=20210708T163146
[2021-07-08 16:31:46,246] {taskinstance.py:1265} INFO - 1 downstream tasks scheduled from follow-on schedule check
[2021-07-08 16:31:46,269] {local_task_job.py:151} INFO - Task exited with return code 0
