[2021-07-08 13:26:46,490] {taskinstance.py:896} INFO - Dependencies all met for <TaskInstance: bluepi_dag.dump_user_log 2021-07-08T13:26:37.545219+00:00 [queued]>
[2021-07-08 13:26:46,514] {taskinstance.py:896} INFO - Dependencies all met for <TaskInstance: bluepi_dag.dump_user_log 2021-07-08T13:26:37.545219+00:00 [queued]>
[2021-07-08 13:26:46,514] {taskinstance.py:1087} INFO - 
--------------------------------------------------------------------------------
[2021-07-08 13:26:46,514] {taskinstance.py:1088} INFO - Starting attempt 1 of 1
[2021-07-08 13:26:46,514] {taskinstance.py:1089} INFO - 
--------------------------------------------------------------------------------
[2021-07-08 13:26:46,525] {taskinstance.py:1107} INFO - Executing <Task(PythonOperator): dump_user_log> on 2021-07-08T13:26:37.545219+00:00
[2021-07-08 13:26:46,530] {standard_task_runner.py:52} INFO - Started process 18766 to run task
[2021-07-08 13:26:46,536] {standard_task_runner.py:76} INFO - Running: ['***', 'tasks', 'run', 'bluepi_dag', 'dump_user_log', '2021-07-08T13:26:37.545219+00:00', '--job-id', '146', '--pool', 'default_pool', '--raw', '--subdir', 'DAGS_FOLDER/bluepi_dag.py', '--cfg-path', '/tmp/tmpw8mk6y5f', '--error-file', '/tmp/tmpm9ndoy4h']
[2021-07-08 13:26:46,543] {standard_task_runner.py:77} INFO - Job 146: Subtask dump_user_log
[2021-07-08 13:26:46,598] {logging_mixin.py:104} INFO - Running <TaskInstance: bluepi_dag.dump_user_log 2021-07-08T13:26:37.545219+00:00 [running]> on host 3cf0296804bd
[2021-07-08 13:26:46,660] {taskinstance.py:1302} INFO - Exporting the following env vars:
AIRFLOW_CTX_DAG_OWNER=natchanon
AIRFLOW_CTX_DAG_ID=bluepi_dag
AIRFLOW_CTX_TASK_ID=dump_user_log
AIRFLOW_CTX_EXECUTION_DATE=2021-07-08T13:26:37.545219+00:00
AIRFLOW_CTX_DAG_RUN_ID=manual__2021-07-08T13:26:37.545219+00:00
[2021-07-08 13:26:46,673] {base.py:78} INFO - Using connection to: id: my_postgres_conn. Host: 35.247.174.171, Port: 5432, Schema: postgres, Login: exam, Password: ***, extra: {}
[2021-07-08 13:26:48,451] {python.py:151} INFO - Done. Returned value was: None
[2021-07-08 13:26:48,463] {taskinstance.py:1211} INFO - Marking task as SUCCESS. dag_id=bluepi_dag, task_id=dump_user_log, execution_date=20210708T132637, start_date=20210708T132646, end_date=20210708T132648
[2021-07-08 13:26:48,499] {taskinstance.py:1265} INFO - 1 downstream tasks scheduled from follow-on schedule check
[2021-07-08 13:26:48,518] {local_task_job.py:151} INFO - Task exited with return code 0
