[2021-07-09 04:36:12,529] {taskinstance.py:896} INFO - Dependencies all met for <TaskInstance: bluepi_dag.Transformation.upload_user_log_cleaned_to_GCS 2021-07-09T04:36:02.713158+00:00 [queued]>
[2021-07-09 04:36:12,547] {taskinstance.py:896} INFO - Dependencies all met for <TaskInstance: bluepi_dag.Transformation.upload_user_log_cleaned_to_GCS 2021-07-09T04:36:02.713158+00:00 [queued]>
[2021-07-09 04:36:12,547] {taskinstance.py:1087} INFO - 
--------------------------------------------------------------------------------
[2021-07-09 04:36:12,547] {taskinstance.py:1088} INFO - Starting attempt 1 of 1
[2021-07-09 04:36:12,547] {taskinstance.py:1089} INFO - 
--------------------------------------------------------------------------------
[2021-07-09 04:36:12,566] {taskinstance.py:1107} INFO - Executing <Task(LocalFilesystemToGCSOperator): Transformation.upload_user_log_cleaned_to_GCS> on 2021-07-09T04:36:02.713158+00:00
[2021-07-09 04:36:12,573] {standard_task_runner.py:52} INFO - Started process 9161 to run task
[2021-07-09 04:36:12,579] {standard_task_runner.py:76} INFO - Running: ['***', 'tasks', 'run', 'bluepi_dag', 'Transformation.upload_user_log_cleaned_to_GCS', '2021-07-09T04:36:02.713158+00:00', '--job-id', '338', '--pool', 'default_pool', '--raw', '--subdir', 'DAGS_FOLDER/bluepi_dag.py', '--cfg-path', '/tmp/tmplx8_e1fo', '--error-file', '/tmp/tmpowgmgxpl']
[2021-07-09 04:36:12,587] {standard_task_runner.py:77} INFO - Job 338: Subtask Transformation.upload_user_log_cleaned_to_GCS
[2021-07-09 04:36:12,644] {logging_mixin.py:104} INFO - Running <TaskInstance: bluepi_dag.Transformation.upload_user_log_cleaned_to_GCS 2021-07-09T04:36:02.713158+00:00 [running]> on host 3cf0296804bd
[2021-07-09 04:36:12,709] {taskinstance.py:1302} INFO - Exporting the following env vars:
AIRFLOW_CTX_DAG_OWNER=natchanon
AIRFLOW_CTX_DAG_ID=bluepi_dag
AIRFLOW_CTX_TASK_ID=Transformation.upload_user_log_cleaned_to_GCS
AIRFLOW_CTX_EXECUTION_DATE=2021-07-09T04:36:02.713158+00:00
AIRFLOW_CTX_DAG_RUN_ID=manual__2021-07-09T04:36:02.713158+00:00
[2021-07-09 04:36:12,925] {gcs.py:485} INFO - File /opt/***/dags/user_log_cleaned.csv uploaded to cleaned/user_log.csv in bluepi-landing-bucket bucket
[2021-07-09 04:36:12,939] {taskinstance.py:1211} INFO - Marking task as SUCCESS. dag_id=bluepi_dag, task_id=Transformation.upload_user_log_cleaned_to_GCS, execution_date=20210709T043602, start_date=20210709T043612, end_date=20210709T043612
[2021-07-09 04:36:12,976] {taskinstance.py:1265} INFO - 2 downstream tasks scheduled from follow-on schedule check
[2021-07-09 04:36:12,997] {local_task_job.py:151} INFO - Task exited with return code 0
