[2021-07-08 17:19:58,600] {taskinstance.py:896} INFO - Dependencies all met for <TaskInstance: bluepi_dag.user_log_to_csv 2021-07-08T17:19:46.066642+00:00 [queued]>
[2021-07-08 17:19:58,624] {taskinstance.py:896} INFO - Dependencies all met for <TaskInstance: bluepi_dag.user_log_to_csv 2021-07-08T17:19:46.066642+00:00 [queued]>
[2021-07-08 17:19:58,624] {taskinstance.py:1087} INFO - 
--------------------------------------------------------------------------------
[2021-07-08 17:19:58,624] {taskinstance.py:1088} INFO - Starting attempt 1 of 1
[2021-07-08 17:19:58,624] {taskinstance.py:1089} INFO - 
--------------------------------------------------------------------------------
[2021-07-08 17:19:58,634] {taskinstance.py:1107} INFO - Executing <Task(PythonOperator): user_log_to_csv> on 2021-07-08T17:19:46.066642+00:00
[2021-07-08 17:19:58,640] {standard_task_runner.py:52} INFO - Started process 372 to run task
[2021-07-08 17:19:58,646] {standard_task_runner.py:76} INFO - Running: ['***', 'tasks', 'run', 'bluepi_dag', 'user_log_to_csv', '2021-07-08T17:19:46.066642+00:00', '--job-id', '211', '--pool', 'default_pool', '--raw', '--subdir', 'DAGS_FOLDER/bluepi_dag.py', '--cfg-path', '/tmp/tmpvkrp5ka6', '--error-file', '/tmp/tmpeygj6_n6']
[2021-07-08 17:19:58,653] {standard_task_runner.py:77} INFO - Job 211: Subtask user_log_to_csv
[2021-07-08 17:19:58,709] {logging_mixin.py:104} INFO - Running <TaskInstance: bluepi_dag.user_log_to_csv 2021-07-08T17:19:46.066642+00:00 [running]> on host 3cf0296804bd
[2021-07-08 17:19:58,769] {taskinstance.py:1302} INFO - Exporting the following env vars:
AIRFLOW_CTX_DAG_OWNER=natchanon
AIRFLOW_CTX_DAG_ID=bluepi_dag
AIRFLOW_CTX_TASK_ID=user_log_to_csv
AIRFLOW_CTX_EXECUTION_DATE=2021-07-08T17:19:46.066642+00:00
AIRFLOW_CTX_DAG_RUN_ID=manual__2021-07-08T17:19:46.066642+00:00
[2021-07-08 17:19:58,891] {python.py:151} INFO - Done. Returned value was: None
[2021-07-08 17:19:58,903] {taskinstance.py:1211} INFO - Marking task as SUCCESS. dag_id=bluepi_dag, task_id=user_log_to_csv, execution_date=20210708T171946, start_date=20210708T171958, end_date=20210708T171958
[2021-07-08 17:19:58,944] {taskinstance.py:1265} INFO - 0 downstream tasks scheduled from follow-on schedule check
[2021-07-08 17:19:58,979] {local_task_job.py:151} INFO - Task exited with return code 0
