[2021-07-08 11:20:10,519] {taskinstance.py:896} INFO - Dependencies all met for <TaskInstance: bluepi_dag.query_users_data 2021-07-08T11:20:08.080179+00:00 [queued]>
[2021-07-08 11:20:10,572] {taskinstance.py:896} INFO - Dependencies all met for <TaskInstance: bluepi_dag.query_users_data 2021-07-08T11:20:08.080179+00:00 [queued]>
[2021-07-08 11:20:10,579] {taskinstance.py:1087} INFO - 
--------------------------------------------------------------------------------
[2021-07-08 11:20:10,579] {taskinstance.py:1088} INFO - Starting attempt 1 of 1
[2021-07-08 11:20:10,579] {taskinstance.py:1089} INFO - 
--------------------------------------------------------------------------------
[2021-07-08 11:20:10,603] {taskinstance.py:1107} INFO - Executing <Task(PostgresOperator): query_users_data> on 2021-07-08T11:20:08.080179+00:00
[2021-07-08 11:20:10,613] {standard_task_runner.py:52} INFO - Started process 10290 to run task
[2021-07-08 11:20:10,647] {standard_task_runner.py:76} INFO - Running: ['***', 'tasks', 'run', 'bluepi_dag', 'query_users_data', '2021-07-08T11:20:08.080179+00:00', '--job-id', '30', '--pool', 'default_pool', '--raw', '--subdir', 'DAGS_FOLDER/bluepi_dag.py', '--cfg-path', '/tmp/tmp57i8xq7j', '--error-file', '/tmp/tmpqtotyrsl']
[2021-07-08 11:20:10,652] {standard_task_runner.py:77} INFO - Job 30: Subtask query_users_data
[2021-07-08 11:20:10,713] {logging_mixin.py:104} INFO - Running <TaskInstance: bluepi_dag.query_users_data 2021-07-08T11:20:08.080179+00:00 [running]> on host 3cf0296804bd
[2021-07-08 11:20:10,788] {taskinstance.py:1302} INFO - Exporting the following env vars:
AIRFLOW_CTX_DAG_OWNER=natchanon
AIRFLOW_CTX_DAG_ID=bluepi_dag
AIRFLOW_CTX_TASK_ID=query_users_data
AIRFLOW_CTX_EXECUTION_DATE=2021-07-08T11:20:08.080179+00:00
AIRFLOW_CTX_DAG_RUN_ID=manual__2021-07-08T11:20:08.080179+00:00
[2021-07-08 11:20:10,791] {postgres.py:68} INFO - Executing: 
            SELECT * FROM users;
        
[2021-07-08 11:20:10,805] {base.py:78} INFO - Using connection to: id: my_postgres_conn. Host: 35.247.174.171, Port: 5432, Schema: postgres, Login: exam, Password: ***, extra: {}
[2021-07-08 11:20:11,960] {dbapi.py:204} INFO - Running statement: 
            SELECT * FROM users;
        , parameters: None
[2021-07-08 11:20:12,342] {dbapi.py:212} INFO - Rows affected: 2
[2021-07-08 11:20:12,550] {taskinstance.py:1211} INFO - Marking task as SUCCESS. dag_id=bluepi_dag, task_id=query_users_data, execution_date=20210708T112008, start_date=20210708T112010, end_date=20210708T112012
[2021-07-08 11:20:12,586] {taskinstance.py:1265} INFO - 0 downstream tasks scheduled from follow-on schedule check
[2021-07-08 11:20:12,631] {local_task_job.py:151} INFO - Task exited with return code 0
