[2021-07-08 12:22:46,107] {taskinstance.py:896} INFO - Dependencies all met for <TaskInstance: bluepi_dag.dump_users 2021-07-08T12:22:36.089569+00:00 [queued]>
[2021-07-08 12:22:46,129] {taskinstance.py:896} INFO - Dependencies all met for <TaskInstance: bluepi_dag.dump_users 2021-07-08T12:22:36.089569+00:00 [queued]>
[2021-07-08 12:22:46,130] {taskinstance.py:1087} INFO - 
--------------------------------------------------------------------------------
[2021-07-08 12:22:46,131] {taskinstance.py:1088} INFO - Starting attempt 1 of 1
[2021-07-08 12:22:46,132] {taskinstance.py:1089} INFO - 
--------------------------------------------------------------------------------
[2021-07-08 12:22:46,144] {taskinstance.py:1107} INFO - Executing <Task(PythonOperator): dump_users> on 2021-07-08T12:22:36.089569+00:00
[2021-07-08 12:22:46,151] {standard_task_runner.py:52} INFO - Started process 14522 to run task
[2021-07-08 12:22:46,158] {standard_task_runner.py:76} INFO - Running: ['***', 'tasks', 'run', 'bluepi_dag', 'dump_users', '2021-07-08T12:22:36.089569+00:00', '--job-id', '102', '--pool', 'default_pool', '--raw', '--subdir', 'DAGS_FOLDER/bluepi_dag.py', '--cfg-path', '/tmp/tmpemmciq7n', '--error-file', '/tmp/tmpxarz5j8j']
[2021-07-08 12:22:46,166] {standard_task_runner.py:77} INFO - Job 102: Subtask dump_users
[2021-07-08 12:22:46,236] {logging_mixin.py:104} INFO - Running <TaskInstance: bluepi_dag.dump_users 2021-07-08T12:22:36.089569+00:00 [running]> on host 3cf0296804bd
[2021-07-08 12:22:46,302] {taskinstance.py:1302} INFO - Exporting the following env vars:
AIRFLOW_CTX_DAG_OWNER=natchanon
AIRFLOW_CTX_DAG_ID=bluepi_dag
AIRFLOW_CTX_TASK_ID=dump_users
AIRFLOW_CTX_EXECUTION_DATE=2021-07-08T12:22:36.089569+00:00
AIRFLOW_CTX_DAG_RUN_ID=manual__2021-07-08T12:22:36.089569+00:00
[2021-07-08 12:22:46,314] {base.py:78} INFO - Using connection to: id: my_postgres_conn. Host: 35.247.174.171, Port: 5432, Schema: postgres, Login: exam, Password: ***, extra: {}
[2021-07-08 12:22:48,046] {python.py:151} INFO - Done. Returned value was: None
[2021-07-08 12:22:48,059] {taskinstance.py:1211} INFO - Marking task as SUCCESS. dag_id=bluepi_dag, task_id=dump_users, execution_date=20210708T122236, start_date=20210708T122246, end_date=20210708T122248
[2021-07-08 12:22:48,095] {taskinstance.py:1265} INFO - 1 downstream tasks scheduled from follow-on schedule check
[2021-07-08 12:22:48,138] {local_task_job.py:151} INFO - Task exited with return code 0
