[2021-07-09 04:36:12,533] {taskinstance.py:896} INFO - Dependencies all met for <TaskInstance: bluepi_dag.Transformation.upload_users_cleaned_to_GCS 2021-07-09T04:36:02.713158+00:00 [queued]>
[2021-07-09 04:36:12,554] {taskinstance.py:896} INFO - Dependencies all met for <TaskInstance: bluepi_dag.Transformation.upload_users_cleaned_to_GCS 2021-07-09T04:36:02.713158+00:00 [queued]>
[2021-07-09 04:36:12,554] {taskinstance.py:1087} INFO - 
--------------------------------------------------------------------------------
[2021-07-09 04:36:12,555] {taskinstance.py:1088} INFO - Starting attempt 1 of 1
[2021-07-09 04:36:12,555] {taskinstance.py:1089} INFO - 
--------------------------------------------------------------------------------
[2021-07-09 04:36:12,571] {taskinstance.py:1107} INFO - Executing <Task(LocalFilesystemToGCSOperator): Transformation.upload_users_cleaned_to_GCS> on 2021-07-09T04:36:02.713158+00:00
[2021-07-09 04:36:12,577] {standard_task_runner.py:52} INFO - Started process 9162 to run task
[2021-07-09 04:36:12,583] {standard_task_runner.py:76} INFO - Running: ['***', 'tasks', 'run', 'bluepi_dag', 'Transformation.upload_users_cleaned_to_GCS', '2021-07-09T04:36:02.713158+00:00', '--job-id', '339', '--pool', 'default_pool', '--raw', '--subdir', 'DAGS_FOLDER/bluepi_dag.py', '--cfg-path', '/tmp/tmp9gefquka', '--error-file', '/tmp/tmp36_9t1kq']
[2021-07-09 04:36:12,590] {standard_task_runner.py:77} INFO - Job 339: Subtask Transformation.upload_users_cleaned_to_GCS
[2021-07-09 04:36:12,651] {logging_mixin.py:104} INFO - Running <TaskInstance: bluepi_dag.Transformation.upload_users_cleaned_to_GCS 2021-07-09T04:36:02.713158+00:00 [running]> on host 3cf0296804bd
[2021-07-09 04:36:12,710] {taskinstance.py:1302} INFO - Exporting the following env vars:
AIRFLOW_CTX_DAG_OWNER=natchanon
AIRFLOW_CTX_DAG_ID=bluepi_dag
AIRFLOW_CTX_TASK_ID=Transformation.upload_users_cleaned_to_GCS
AIRFLOW_CTX_EXECUTION_DATE=2021-07-09T04:36:02.713158+00:00
AIRFLOW_CTX_DAG_RUN_ID=manual__2021-07-09T04:36:02.713158+00:00
[2021-07-09 04:36:12,928] {gcs.py:485} INFO - File /opt/***/dags/users_cleaned.csv uploaded to cleaned/users.csv in bluepi-landing-bucket bucket
[2021-07-09 04:36:12,942] {taskinstance.py:1211} INFO - Marking task as SUCCESS. dag_id=bluepi_dag, task_id=Transformation.upload_users_cleaned_to_GCS, execution_date=20210709T043602, start_date=20210709T043612, end_date=20210709T043612
[2021-07-09 04:36:12,995] {taskinstance.py:1265} INFO - 0 downstream tasks scheduled from follow-on schedule check
[2021-07-09 04:36:13,037] {local_task_job.py:151} INFO - Task exited with return code 0
